<?xml version="1.0" encoding="UTF-8"?>
<!-- Generated by org.testng.reporters.JUnitReportReporter -->
<testsuite skipped="0" hostname="ATMECSINLT-087" name="com.konakart.KonakartParallelTesting.testscripts.ComuterPeripheralsFunctionality" tests="9" failures="0" timestamp="22 Oct 2019 15:46:48 GMT" time="192.117" errors="5">
  <testcase name="searchBoxWithoutSearchOption" time="5.280" classname="com.konakart.KonakartParallelTesting.testscripts.ComuterPeripheralsFunctionality">
    <error type="java.lang.NullPointerException">
      <![CDATA[java.lang.NullPointerException
at com.konakart.KonakartParallelTesting.extentreports.ExtentReport.messagePrint(ExtentReport.java:110)
at com.konakart.KonakartParallelTesting.pages.ComputerperipheralFunction.erroMsgValidation(ComputerperipheralFunction.java:40)
at com.konakart.KonakartParallelTesting.testscripts.ComuterPeripheralsFunctionality.searchBoxWithoutSearchOption(ComuterPeripheralsFunctionality.java:33)
at sun.reflect.NativeMethodAccessorImpl.invoke0(Native Method)
at sun.reflect.NativeMethodAccessorImpl.invoke(NativeMethodAccessorImpl.java:62)
at sun.reflect.DelegatingMethodAccessorImpl.invoke(DelegatingMethodAccessorImpl.java:43)
at java.lang.reflect.Method.invoke(Method.java:498)
at org.testng.internal.MethodInvocationHelper.invokeMethod(MethodInvocationHelper.java:124)
at org.testng.internal.Invoker.invokeMethod(Invoker.java:583)
at org.testng.internal.Invoker.invokeTestMethod(Invoker.java:719)
at org.testng.internal.Invoker.invokeTestMethods(Invoker.java:989)
at org.testng.internal.TestMethodWorker.invokeTestMethods(TestMethodWorker.java:125)
at org.testng.internal.TestMethodWorker.run(TestMethodWorker.java:109)
at org.testng.TestRunner.privateRun(TestRunner.java:648)
at org.testng.TestRunner.run(TestRunner.java:505)
at org.testng.SuiteRunner.runTest(SuiteRunner.java:455)
at org.testng.SuiteRunner.access$000(SuiteRunner.java:40)
at org.testng.SuiteRunner$SuiteWorker.run(SuiteRunner.java:489)
at org.testng.internal.thread.ThreadUtil$1.call(ThreadUtil.java:52)
at java.util.concurrent.FutureTask.run(FutureTask.java:266)
at java.util.concurrent.ThreadPoolExecutor.runWorker(ThreadPoolExecutor.java:1149)
at java.util.concurrent.ThreadPoolExecutor$Worker.run(ThreadPoolExecutor.java:624)
at java.lang.Thread.run(Thread.java:748)
]]>
    </error>
  </testcase> <!-- searchBoxWithoutSearchOption -->
  <testcase name="searchBoxWithoutSearchOption" time="77.732" classname="com.konakart.KonakartParallelTesting.testscripts.ComuterPeripheralsFunctionality">
    <error type="java.lang.NullPointerException">
      <![CDATA[java.lang.NullPointerException
at com.konakart.KonakartParallelTesting.extentreports.ExtentReport.messagePrint(ExtentReport.java:110)
at com.konakart.KonakartParallelTesting.pages.ComputerperipheralFunction.erroMsgValidation(ComputerperipheralFunction.java:40)
at com.konakart.KonakartParallelTesting.testscripts.ComuterPeripheralsFunctionality.searchBoxWithoutSearchOption(ComuterPeripheralsFunctionality.java:33)
at sun.reflect.NativeMethodAccessorImpl.invoke0(Native Method)
at sun.reflect.NativeMethodAccessorImpl.invoke(NativeMethodAccessorImpl.java:62)
at sun.reflect.DelegatingMethodAccessorImpl.invoke(DelegatingMethodAccessorImpl.java:43)
at java.lang.reflect.Method.invoke(Method.java:498)
at org.testng.internal.MethodInvocationHelper.invokeMethod(MethodInvocationHelper.java:124)
at org.testng.internal.Invoker.invokeMethod(Invoker.java:583)
at org.testng.internal.Invoker.invokeTestMethod(Invoker.java:719)
at org.testng.internal.Invoker.invokeTestMethods(Invoker.java:989)
at org.testng.internal.TestMethodWorker.invokeTestMethods(TestMethodWorker.java:125)
at org.testng.internal.TestMethodWorker.run(TestMethodWorker.java:109)
at org.testng.TestRunner.privateRun(TestRunner.java:648)
at org.testng.TestRunner.run(TestRunner.java:505)
at org.testng.SuiteRunner.runTest(SuiteRunner.java:455)
at org.testng.SuiteRunner.access$000(SuiteRunner.java:40)
at org.testng.SuiteRunner$SuiteWorker.run(SuiteRunner.java:489)
at org.testng.internal.thread.ThreadUtil$1.call(ThreadUtil.java:52)
at java.util.concurrent.FutureTask.run(FutureTask.java:266)
at java.util.concurrent.ThreadPoolExecutor.runWorker(ThreadPoolExecutor.java:1149)
at java.util.concurrent.ThreadPoolExecutor$Worker.run(ThreadPoolExecutor.java:624)
at java.lang.Thread.run(Thread.java:748)
]]>
    </error>
  </testcase> <!-- searchBoxWithoutSearchOption -->
  <testcase name="searchBoxWithoutSearchOption" time="3.214" classname="com.konakart.KonakartParallelTesting.testscripts.ComuterPeripheralsFunctionality">
    <error type="java.lang.NullPointerException">
      <![CDATA[java.lang.NullPointerException
at com.konakart.KonakartParallelTesting.extentreports.ExtentReport.messagePrint(ExtentReport.java:110)
at com.konakart.KonakartParallelTesting.pages.ComputerperipheralFunction.erroMsgValidation(ComputerperipheralFunction.java:40)
at com.konakart.KonakartParallelTesting.testscripts.ComuterPeripheralsFunctionality.searchBoxWithoutSearchOption(ComuterPeripheralsFunctionality.java:33)
at sun.reflect.NativeMethodAccessorImpl.invoke0(Native Method)
at sun.reflect.NativeMethodAccessorImpl.invoke(NativeMethodAccessorImpl.java:62)
at sun.reflect.DelegatingMethodAccessorImpl.invoke(DelegatingMethodAccessorImpl.java:43)
at java.lang.reflect.Method.invoke(Method.java:498)
at org.testng.internal.MethodInvocationHelper.invokeMethod(MethodInvocationHelper.java:124)
at org.testng.internal.Invoker.invokeMethod(Invoker.java:583)
at org.testng.internal.Invoker.invokeTestMethod(Invoker.java:719)
at org.testng.internal.Invoker.invokeTestMethods(Invoker.java:989)
at org.testng.internal.TestMethodWorker.invokeTestMethods(TestMethodWorker.java:125)
at org.testng.internal.TestMethodWorker.run(TestMethodWorker.java:109)
at org.testng.TestRunner.privateRun(TestRunner.java:648)
at org.testng.TestRunner.run(TestRunner.java:505)
at org.testng.SuiteRunner.runTest(SuiteRunner.java:455)
at org.testng.SuiteRunner.access$000(SuiteRunner.java:40)
at org.testng.SuiteRunner$SuiteWorker.run(SuiteRunner.java:489)
at org.testng.internal.thread.ThreadUtil$1.call(ThreadUtil.java:52)
at java.util.concurrent.FutureTask.run(FutureTask.java:266)
at java.util.concurrent.ThreadPoolExecutor.runWorker(ThreadPoolExecutor.java:1149)
at java.util.concurrent.ThreadPoolExecutor$Worker.run(ThreadPoolExecutor.java:624)
at java.lang.Thread.run(Thread.java:748)
]]>
    </error>
  </testcase> <!-- searchBoxWithoutSearchOption -->
  <testcase name="searchBoxWithSearchOption" time="10.778" classname="com.konakart.KonakartParallelTesting.testscripts.ComuterPeripheralsFunctionality"/>
  <testcase name="searchBoxWithSearchOption" time="11.140" classname="com.konakart.KonakartParallelTesting.testscripts.ComuterPeripheralsFunctionality"/>
  <testcase name="searchBoxWithSearchOption" time="82.183" classname="com.konakart.KonakartParallelTesting.testscripts.ComuterPeripheralsFunctionality"/>
  <testcase name="productDetailsVerify" time="1.110" classname="com.konakart.KonakartParallelTesting.testscripts.ComuterPeripheralsFunctionality">
    <error type="java.lang.NullPointerException">
      <![CDATA[java.lang.NullPointerException
at com.konakart.KonakartParallelTesting.extentreports.ExtentReport.messagePrint(ExtentReport.java:110)
at com.konakart.KonakartParallelTesting.pages.ComputerperipheralFunction.productValidation(ComputerperipheralFunction.java:59)
at com.konakart.KonakartParallelTesting.testscripts.ComuterPeripheralsFunctionality.productDetailsVerify(ComuterPeripheralsFunctionality.java:56)
at sun.reflect.NativeMethodAccessorImpl.invoke0(Native Method)
at sun.reflect.NativeMethodAccessorImpl.invoke(NativeMethodAccessorImpl.java:62)
at sun.reflect.DelegatingMethodAccessorImpl.invoke(DelegatingMethodAccessorImpl.java:43)
at java.lang.reflect.Method.invoke(Method.java:498)
at org.testng.internal.MethodInvocationHelper.invokeMethod(MethodInvocationHelper.java:124)
at org.testng.internal.Invoker.invokeMethod(Invoker.java:583)
at org.testng.internal.Invoker.invokeTestMethod(Invoker.java:719)
at org.testng.internal.Invoker.invokeTestMethods(Invoker.java:989)
at org.testng.internal.TestMethodWorker.invokeTestMethods(TestMethodWorker.java:125)
at org.testng.internal.TestMethodWorker.run(TestMethodWorker.java:109)
at org.testng.TestRunner.privateRun(TestRunner.java:648)
at org.testng.TestRunner.run(TestRunner.java:505)
at org.testng.SuiteRunner.runTest(SuiteRunner.java:455)
at org.testng.SuiteRunner.access$000(SuiteRunner.java:40)
at org.testng.SuiteRunner$SuiteWorker.run(SuiteRunner.java:489)
at org.testng.internal.thread.ThreadUtil$1.call(ThreadUtil.java:52)
at java.util.concurrent.FutureTask.run(FutureTask.java:266)
at java.util.concurrent.ThreadPoolExecutor.runWorker(ThreadPoolExecutor.java:1149)
at java.util.concurrent.ThreadPoolExecutor$Worker.run(ThreadPoolExecutor.java:624)
at java.lang.Thread.run(Thread.java:748)
]]>
    </error>
  </testcase> <!-- productDetailsVerify -->
  <testcase name="productDetailsVerify" time="0.429" classname="com.konakart.KonakartParallelTesting.testscripts.ComuterPeripheralsFunctionality">
    <error type="java.lang.NullPointerException">
      <![CDATA[java.lang.NullPointerException
at com.konakart.KonakartParallelTesting.extentreports.ExtentReport.messagePrint(ExtentReport.java:110)
at com.konakart.KonakartParallelTesting.pages.ComputerperipheralFunction.productValidation(ComputerperipheralFunction.java:59)
at com.konakart.KonakartParallelTesting.testscripts.ComuterPeripheralsFunctionality.productDetailsVerify(ComuterPeripheralsFunctionality.java:56)
at sun.reflect.NativeMethodAccessorImpl.invoke0(Native Method)
at sun.reflect.NativeMethodAccessorImpl.invoke(NativeMethodAccessorImpl.java:62)
at sun.reflect.DelegatingMethodAccessorImpl.invoke(DelegatingMethodAccessorImpl.java:43)
at java.lang.reflect.Method.invoke(Method.java:498)
at org.testng.internal.MethodInvocationHelper.invokeMethod(MethodInvocationHelper.java:124)
at org.testng.internal.Invoker.invokeMethod(Invoker.java:583)
at org.testng.internal.Invoker.invokeTestMethod(Invoker.java:719)
at org.testng.internal.Invoker.invokeTestMethods(Invoker.java:989)
at org.testng.internal.TestMethodWorker.invokeTestMethods(TestMethodWorker.java:125)
at org.testng.internal.TestMethodWorker.run(TestMethodWorker.java:109)
at org.testng.TestRunner.privateRun(TestRunner.java:648)
at org.testng.TestRunner.run(TestRunner.java:505)
at org.testng.SuiteRunner.runTest(SuiteRunner.java:455)
at org.testng.SuiteRunner.access$000(SuiteRunner.java:40)
at org.testng.SuiteRunner$SuiteWorker.run(SuiteRunner.java:489)
at org.testng.internal.thread.ThreadUtil$1.call(ThreadUtil.java:52)
at java.util.concurrent.FutureTask.run(FutureTask.java:266)
at java.util.concurrent.ThreadPoolExecutor.runWorker(ThreadPoolExecutor.java:1149)
at java.util.concurrent.ThreadPoolExecutor$Worker.run(ThreadPoolExecutor.java:624)
at java.lang.Thread.run(Thread.java:748)
]]>
    </error>
  </testcase> <!-- productDetailsVerify -->
  <testcase name="productDetailsVerify" time="0.251" classname="com.konakart.KonakartParallelTesting.testscripts.ComuterPeripheralsFunctionality"/>
</testsuite> <!-- com.konakart.KonakartParallelTesting.testscripts.ComuterPeripheralsFunctionality -->
