<?xml version="1.0" encoding="UTF-8"?>
<!-- Generated by org.testng.reporters.JUnitReportReporter -->
<testsuite skipped="0" hostname="ATMECSINLT-087" name="com.konakart.KonakartParallelTesting.testscripts.HomePageSearchBoxFunctionality" tests="3" failures="1" timestamp="22 Oct 2019 15:46:48 GMT" time="94.110" errors="0">
  <testcase name="searchBox" time="70.454" classname="com.konakart.KonakartParallelTesting.testscripts.HomePageSearchBoxFunctionality">
    <failure type="java.lang.AssertionError" message="Product title validationfailed expected [Bundle Saver] but found [Westclox 32042r Retro 1950 Kitchen Wall Clock 9.5-inch Red]">
      <![CDATA[java.lang.AssertionError: Product title validationfailed expected [Bundle Saver] but found [Westclox 32042r Retro 1950 Kitchen Wall Clock 9.5-inch Red]
at org.testng.Assert.fail(Assert.java:96)
at org.testng.Assert.failNotEquals(Assert.java:776)
at org.testng.Assert.assertEqualsImpl(Assert.java:137)
at org.testng.Assert.assertEquals(Assert.java:118)
at org.testng.Assert.assertEquals(Assert.java:453)
at com.konakart.KonakartParallelTesting.pages.SearchBoxFunction.validateProduct(SearchBoxFunction.java:66)
at com.konakart.KonakartParallelTesting.testscripts.HomePageSearchBoxFunctionality.searchBox(HomePageSearchBoxFunctionality.java:30)
at sun.reflect.NativeMethodAccessorImpl.invoke0(Native Method)
at sun.reflect.NativeMethodAccessorImpl.invoke(NativeMethodAccessorImpl.java:62)
at sun.reflect.DelegatingMethodAccessorImpl.invoke(DelegatingMethodAccessorImpl.java:43)
at java.lang.reflect.Method.invoke(Method.java:498)
at org.testng.internal.MethodInvocationHelper.invokeMethod(MethodInvocationHelper.java:124)
at org.testng.internal.Invoker.invokeMethod(Invoker.java:583)
at org.testng.internal.Invoker.invokeTestMethod(Invoker.java:719)
at org.testng.internal.Invoker.invokeTestMethods(Invoker.java:989)
at org.testng.internal.TestMethodWorker.invokeTestMethods(TestMethodWorker.java:125)
at org.testng.internal.TestMethodWorker.run(TestMethodWorker.java:109)
at org.testng.TestRunner.privateRun(TestRunner.java:648)
at org.testng.TestRunner.run(TestRunner.java:505)
at org.testng.SuiteRunner.runTest(SuiteRunner.java:455)
at org.testng.SuiteRunner.access$000(SuiteRunner.java:40)
at org.testng.SuiteRunner$SuiteWorker.run(SuiteRunner.java:489)
at org.testng.internal.thread.ThreadUtil$1.call(ThreadUtil.java:52)
at java.util.concurrent.FutureTask.run(FutureTask.java:266)
at java.util.concurrent.ThreadPoolExecutor.runWorker(ThreadPoolExecutor.java:1149)
at java.util.concurrent.ThreadPoolExecutor$Worker.run(ThreadPoolExecutor.java:624)
at java.lang.Thread.run(Thread.java:748)
]]>
    </failure>
  </testcase> <!-- searchBox -->
  <testcase name="searchBox" time="10.350" classname="com.konakart.KonakartParallelTesting.testscripts.HomePageSearchBoxFunctionality"/>
  <testcase name="searchBox" time="13.306" classname="com.konakart.KonakartParallelTesting.testscripts.HomePageSearchBoxFunctionality"/>
</testsuite> <!-- com.konakart.KonakartParallelTesting.testscripts.HomePageSearchBoxFunctionality -->
