<html>
<head>
<title>TestNG:  Test validate in chrome</title>
<link href="../testng.css" rel="stylesheet" type="text/css" />
<link href="../my-testng.css" rel="stylesheet" type="text/css" />

<style type="text/css">
.log { display: none;} 
.stack-trace { display: none;} 
</style>
<script type="text/javascript">
<!--
function flip(e) {
  current = e.style.display;
  if (current == 'block') {
    e.style.display = 'none';
    return 0;
  }
  else {
    e.style.display = 'block';
    return 1;
  }
}

function toggleBox(szDivId, elem, msg1, msg2)
{
  var res = -1;  if (document.getElementById) {
    res = flip(document.getElementById(szDivId));
  }
  else if (document.all) {
    // this is the way old msie versions work
    res = flip(document.all[szDivId]);
  }
  if(elem) {
    if(res == 0) elem.innerHTML = msg1; else elem.innerHTML = msg2;
  }

}

function toggleAllBoxes() {
  if (document.getElementsByTagName) {
    d = document.getElementsByTagName('div');
    for (i = 0; i < d.length; i++) {
      if (d[i].className == 'log') {
        flip(d[i]);
      }
    }
  }
}

// -->
</script>

</head>
<body>
<h2 align='center'>Test validate in chrome</h2><table border='1' align="center">
<tr>
<td>Tests passed/Failed/Skipped:</td><td>5/8/0</td>
</tr><tr>
<td>Started on:</td><td>Tue Oct 22 21:10:53 IST 2019</td>
</tr>
<tr><td>Total time:</td><td>206 seconds (206800 ms)</td>
</tr><tr>
<td>Included groups:</td><td></td>
</tr><tr>
<td>Excluded groups:</td><td></td>
</tr>
</table><p/>
<small><i>(Hover the method name to see the test class name)</i></small><p/>
<table width='100%' border='1' class='invocation-failed'>
<tr><td colspan='4' align='center'><b>FAILED TESTS</b></td></tr>
<tr><td><b>Test method</b></td>
<td width="30%"><b>Exception</b></td>
<td width="10%"><b>Time (seconds)</b></td>
<td><b>Instance</b></td>
</tr>
<tr>
<td title='com.konakart.KonakartParallelTesting.testscripts.HeroImageFunctionality.heroImgContent()'><b>heroImgContent</b><br>Test class: com.konakart.KonakartParallelTesting.testscripts.HeroImageFunctionality<br>Parameters: [Ljava.lang.String;@1e163f1e</td>
<td><div><pre>java.lang.NullPointerException
	at com.konakart.KonakartParallelTesting.extentreports.ExtentReport.messagePrint(ExtentReport.java:110)
	at com.konakart.KonakartParallelTesting.pages.HeroImageFunction.pageDescriptionvalidation(HeroImageFunction.java:82)
	at com.konakart.KonakartParallelTesting.pages.HeroImageFunction.heroImgContentValidation(HeroImageFunction.java:46)
	at com.konakart.KonakartParallelTesting.testscripts.HeroImageFunctionality.heroImgContent(HeroImageFunctionality.java:34)
	at java.util.concurrent.FutureTask.run(FutureTask.java:266)
	at java.util.concurrent.ThreadPoolExecutor.runWorker(ThreadPoolExecutor.java:1149)
	at java.util.concurrent.ThreadPoolExecutor$Worker.run(ThreadPoolExecutor.java:624)
	at java.lang.Thread.run(Thread.java:748)
... Removed 16 stack frames</pre></div><a href='#' onClick='toggleBox("stack-trace1470698916", this, "Click to show all stack frames", "Click to hide stack frames")'>Click to show all stack frames</a>
<div class='stack-trace' id='stack-trace1470698916'><pre>java.lang.NullPointerException
	at com.konakart.KonakartParallelTesting.extentreports.ExtentReport.messagePrint(ExtentReport.java:110)
	at com.konakart.KonakartParallelTesting.pages.HeroImageFunction.pageDescriptionvalidation(HeroImageFunction.java:82)
	at com.konakart.KonakartParallelTesting.pages.HeroImageFunction.heroImgContentValidation(HeroImageFunction.java:46)
	at com.konakart.KonakartParallelTesting.testscripts.HeroImageFunctionality.heroImgContent(HeroImageFunctionality.java:34)
	at sun.reflect.NativeMethodAccessorImpl.invoke0(Native Method)
	at sun.reflect.NativeMethodAccessorImpl.invoke(NativeMethodAccessorImpl.java:62)
	at sun.reflect.DelegatingMethodAccessorImpl.invoke(DelegatingMethodAccessorImpl.java:43)
	at java.lang.reflect.Method.invoke(Method.java:498)
	at org.testng.internal.MethodInvocationHelper.invokeMethod(MethodInvocationHelper.java:124)
	at org.testng.internal.Invoker.invokeMethod(Invoker.java:583)
	at org.testng.internal.Invoker.invokeTestMethod(Invoker.java:719)
	at org.testng.internal.Invoker.invokeTestMethods(Invoker.java:989)
	at org.testng.internal.TestMethodWorker.invokeTestMethods(TestMethodWorker.java:125)
	at org.testng.internal.TestMethodWorker.run(TestMethodWorker.java:109)
	at org.testng.TestRunner.privateRun(TestRunner.java:648)
	at org.testng.TestRunner.run(TestRunner.java:505)
	at org.testng.SuiteRunner.runTest(SuiteRunner.java:455)
	at org.testng.SuiteRunner.access$000(SuiteRunner.java:40)
	at org.testng.SuiteRunner$SuiteWorker.run(SuiteRunner.java:489)
	at org.testng.internal.thread.ThreadUtil$1.call(ThreadUtil.java:52)
	at java.util.concurrent.FutureTask.run(FutureTask.java:266)
	at java.util.concurrent.ThreadPoolExecutor.runWorker(ThreadPoolExecutor.java:1149)
	at java.util.concurrent.ThreadPoolExecutor$Worker.run(ThreadPoolExecutor.java:624)
	at java.lang.Thread.run(Thread.java:748)
</pre></div></td>
<td>0</td>
<td>com.konakart.KonakartParallelTesting.testscripts.HeroImageFunctionality@56235b8e</td></tr>
<tr>
<td title='com.konakart.KonakartParallelTesting.testscripts.HeroImageFunctionality.heroImgSortingDateFunctionality()'><b>heroImgSortingDateFunctionality</b><br>Test class: com.konakart.KonakartParallelTesting.testscripts.HeroImageFunctionality<br>Parameters: [Ljava.lang.String;@353c5cd2</td>
<td><div><pre>java.lang.ArrayIndexOutOfBoundsException: 1
	at com.konakart.KonakartParallelTesting.pages.HeroImageFunction.sortingDateValidation(HeroImageFunction.java:107)
	at com.konakart.KonakartParallelTesting.testscripts.HeroImageFunctionality.heroImgSortingDateFunctionality(HeroImageFunctionality.java:43)
	at java.util.concurrent.FutureTask.run(FutureTask.java:266)
	at java.util.concurrent.ThreadPoolExecutor.runWorker(ThreadPoolExecutor.java:1149)
	at java.util.concurrent.ThreadPoolExecutor$Worker.run(ThreadPoolExecutor.java:624)
	at java.lang.Thread.run(Thread.java:748)
... Removed 16 stack frames</pre></div><a href='#' onClick='toggleBox("stack-trace1178727454", this, "Click to show all stack frames", "Click to hide stack frames")'>Click to show all stack frames</a>
<div class='stack-trace' id='stack-trace1178727454'><pre>java.lang.ArrayIndexOutOfBoundsException: 1
	at com.konakart.KonakartParallelTesting.pages.HeroImageFunction.sortingDateValidation(HeroImageFunction.java:107)
	at com.konakart.KonakartParallelTesting.testscripts.HeroImageFunctionality.heroImgSortingDateFunctionality(HeroImageFunctionality.java:43)
	at sun.reflect.NativeMethodAccessorImpl.invoke0(Native Method)
	at sun.reflect.NativeMethodAccessorImpl.invoke(NativeMethodAccessorImpl.java:62)
	at sun.reflect.DelegatingMethodAccessorImpl.invoke(DelegatingMethodAccessorImpl.java:43)
	at java.lang.reflect.Method.invoke(Method.java:498)
	at org.testng.internal.MethodInvocationHelper.invokeMethod(MethodInvocationHelper.java:124)
	at org.testng.internal.Invoker.invokeMethod(Invoker.java:583)
	at org.testng.internal.Invoker.invokeTestMethod(Invoker.java:719)
	at org.testng.internal.Invoker.invokeTestMethods(Invoker.java:989)
	at org.testng.internal.TestMethodWorker.invokeTestMethods(TestMethodWorker.java:125)
	at org.testng.internal.TestMethodWorker.run(TestMethodWorker.java:109)
	at org.testng.TestRunner.privateRun(TestRunner.java:648)
	at org.testng.TestRunner.run(TestRunner.java:505)
	at org.testng.SuiteRunner.runTest(SuiteRunner.java:455)
	at org.testng.SuiteRunner.access$000(SuiteRunner.java:40)
	at org.testng.SuiteRunner$SuiteWorker.run(SuiteRunner.java:489)
	at org.testng.internal.thread.ThreadUtil$1.call(ThreadUtil.java:52)
	at java.util.concurrent.FutureTask.run(FutureTask.java:266)
	at java.util.concurrent.ThreadPoolExecutor.runWorker(ThreadPoolExecutor.java:1149)
	at java.util.concurrent.ThreadPoolExecutor$Worker.run(ThreadPoolExecutor.java:624)
	at java.lang.Thread.run(Thread.java:748)
</pre></div></td>
<td>6</td>
<td>com.konakart.KonakartParallelTesting.testscripts.HeroImageFunctionality@56235b8e</td></tr>
<tr>
<td title='com.konakart.KonakartParallelTesting.testscripts.PriceSlideBarFunctionality.priceSlideBar()'><b>priceSlideBar</b><br>Test class: com.konakart.KonakartParallelTesting.testscripts.PriceSlideBarFunctionality<br>Parameters: 25</td>
<td><div><pre>java.lang.NullPointerException
	at com.konakart.KonakartParallelTesting.extentreports.ExtentReport.messagePrint(ExtentReport.java:110)
	at com.konakart.KonakartParallelTesting.pages.PriceSlideBar.priceValidation(PriceSlideBar.java:68)
	at com.konakart.KonakartParallelTesting.testscripts.PriceSlideBarFunctionality.priceSlideBar(PriceSlideBarFunctionality.java:24)
	at java.util.concurrent.FutureTask.run(FutureTask.java:266)
	at java.util.concurrent.ThreadPoolExecutor.runWorker(ThreadPoolExecutor.java:1149)
	at java.util.concurrent.ThreadPoolExecutor$Worker.run(ThreadPoolExecutor.java:624)
	at java.lang.Thread.run(Thread.java:748)
... Removed 16 stack frames</pre></div><a href='#' onClick='toggleBox("stack-trace1692279150", this, "Click to show all stack frames", "Click to hide stack frames")'>Click to show all stack frames</a>
<div class='stack-trace' id='stack-trace1692279150'><pre>java.lang.NullPointerException
	at com.konakart.KonakartParallelTesting.extentreports.ExtentReport.messagePrint(ExtentReport.java:110)
	at com.konakart.KonakartParallelTesting.pages.PriceSlideBar.priceValidation(PriceSlideBar.java:68)
	at com.konakart.KonakartParallelTesting.testscripts.PriceSlideBarFunctionality.priceSlideBar(PriceSlideBarFunctionality.java:24)
	at sun.reflect.NativeMethodAccessorImpl.invoke0(Native Method)
	at sun.reflect.NativeMethodAccessorImpl.invoke(NativeMethodAccessorImpl.java:62)
	at sun.reflect.DelegatingMethodAccessorImpl.invoke(DelegatingMethodAccessorImpl.java:43)
	at java.lang.reflect.Method.invoke(Method.java:498)
	at org.testng.internal.MethodInvocationHelper.invokeMethod(MethodInvocationHelper.java:124)
	at org.testng.internal.Invoker.invokeMethod(Invoker.java:583)
	at org.testng.internal.Invoker.invokeTestMethod(Invoker.java:719)
	at org.testng.internal.Invoker.invokeTestMethods(Invoker.java:989)
	at org.testng.internal.TestMethodWorker.invokeTestMethods(TestMethodWorker.java:125)
	at org.testng.internal.TestMethodWorker.run(TestMethodWorker.java:109)
	at org.testng.TestRunner.privateRun(TestRunner.java:648)
	at org.testng.TestRunner.run(TestRunner.java:505)
	at org.testng.SuiteRunner.runTest(SuiteRunner.java:455)
	at org.testng.SuiteRunner.access$000(SuiteRunner.java:40)
	at org.testng.SuiteRunner$SuiteWorker.run(SuiteRunner.java:489)
	at org.testng.internal.thread.ThreadUtil$1.call(ThreadUtil.java:52)
	at java.util.concurrent.FutureTask.run(FutureTask.java:266)
	at java.util.concurrent.ThreadPoolExecutor.runWorker(ThreadPoolExecutor.java:1149)
	at java.util.concurrent.ThreadPoolExecutor$Worker.run(ThreadPoolExecutor.java:624)
	at java.lang.Thread.run(Thread.java:748)
</pre></div></td>
<td>37</td>
<td>com.konakart.KonakartParallelTesting.testscripts.PriceSlideBarFunctionality@5abca1e0</td></tr>
<tr>
<td title='com.konakart.KonakartParallelTesting.testscripts.PriceSlideBarFunctionality.priceSlideBar()'><b>priceSlideBar</b><br>Test class: com.konakart.KonakartParallelTesting.testscripts.PriceSlideBarFunctionality<br>Parameters: 50</td>
<td><div><pre>java.lang.NullPointerException
	at com.konakart.KonakartParallelTesting.extentreports.ExtentReport.messagePrint(ExtentReport.java:110)
	at com.konakart.KonakartParallelTesting.pages.PriceSlideBar.priceValidation(PriceSlideBar.java:68)
	at com.konakart.KonakartParallelTesting.testscripts.PriceSlideBarFunctionality.priceSlideBar(PriceSlideBarFunctionality.java:24)
	at java.util.concurrent.FutureTask.run(FutureTask.java:266)
	at java.util.concurrent.ThreadPoolExecutor.runWorker(ThreadPoolExecutor.java:1149)
	at java.util.concurrent.ThreadPoolExecutor$Worker.run(ThreadPoolExecutor.java:624)
	at java.lang.Thread.run(Thread.java:748)
... Removed 16 stack frames</pre></div><a href='#' onClick='toggleBox("stack-trace355563255", this, "Click to show all stack frames", "Click to hide stack frames")'>Click to show all stack frames</a>
<div class='stack-trace' id='stack-trace355563255'><pre>java.lang.NullPointerException
	at com.konakart.KonakartParallelTesting.extentreports.ExtentReport.messagePrint(ExtentReport.java:110)
	at com.konakart.KonakartParallelTesting.pages.PriceSlideBar.priceValidation(PriceSlideBar.java:68)
	at com.konakart.KonakartParallelTesting.testscripts.PriceSlideBarFunctionality.priceSlideBar(PriceSlideBarFunctionality.java:24)
	at sun.reflect.NativeMethodAccessorImpl.invoke0(Native Method)
	at sun.reflect.NativeMethodAccessorImpl.invoke(NativeMethodAccessorImpl.java:62)
	at sun.reflect.DelegatingMethodAccessorImpl.invoke(DelegatingMethodAccessorImpl.java:43)
	at java.lang.reflect.Method.invoke(Method.java:498)
	at org.testng.internal.MethodInvocationHelper.invokeMethod(MethodInvocationHelper.java:124)
	at org.testng.internal.Invoker.invokeMethod(Invoker.java:583)
	at org.testng.internal.Invoker.invokeTestMethod(Invoker.java:719)
	at org.testng.internal.Invoker.invokeTestMethods(Invoker.java:989)
	at org.testng.internal.TestMethodWorker.invokeTestMethods(TestMethodWorker.java:125)
	at org.testng.internal.TestMethodWorker.run(TestMethodWorker.java:109)
	at org.testng.TestRunner.privateRun(TestRunner.java:648)
	at org.testng.TestRunner.run(TestRunner.java:505)
	at org.testng.SuiteRunner.runTest(SuiteRunner.java:455)
	at org.testng.SuiteRunner.access$000(SuiteRunner.java:40)
	at org.testng.SuiteRunner$SuiteWorker.run(SuiteRunner.java:489)
	at org.testng.internal.thread.ThreadUtil$1.call(ThreadUtil.java:52)
	at java.util.concurrent.FutureTask.run(FutureTask.java:266)
	at java.util.concurrent.ThreadPoolExecutor.runWorker(ThreadPoolExecutor.java:1149)
	at java.util.concurrent.ThreadPoolExecutor$Worker.run(ThreadPoolExecutor.java:624)
	at java.lang.Thread.run(Thread.java:748)
</pre></div></td>
<td>6</td>
<td>com.konakart.KonakartParallelTesting.testscripts.PriceSlideBarFunctionality@5abca1e0</td></tr>
<tr>
<td title='com.konakart.KonakartParallelTesting.testscripts.PriceSlideBarFunctionality.priceSlideBar()'><b>priceSlideBar</b><br>Test class: com.konakart.KonakartParallelTesting.testscripts.PriceSlideBarFunctionality<br>Parameters: 75</td>
<td><div><pre>java.lang.NullPointerException
	at com.konakart.KonakartParallelTesting.extentreports.ExtentReport.messagePrint(ExtentReport.java:110)
	at com.konakart.KonakartParallelTesting.pages.PriceSlideBar.priceValidation(PriceSlideBar.java:68)
	at com.konakart.KonakartParallelTesting.testscripts.PriceSlideBarFunctionality.priceSlideBar(PriceSlideBarFunctionality.java:24)
	at java.util.concurrent.FutureTask.run(FutureTask.java:266)
	at java.util.concurrent.ThreadPoolExecutor.runWorker(ThreadPoolExecutor.java:1149)
	at java.util.concurrent.ThreadPoolExecutor$Worker.run(ThreadPoolExecutor.java:624)
	at java.lang.Thread.run(Thread.java:748)
... Removed 16 stack frames</pre></div><a href='#' onClick='toggleBox("stack-trace512051553", this, "Click to show all stack frames", "Click to hide stack frames")'>Click to show all stack frames</a>
<div class='stack-trace' id='stack-trace512051553'><pre>java.lang.NullPointerException
	at com.konakart.KonakartParallelTesting.extentreports.ExtentReport.messagePrint(ExtentReport.java:110)
	at com.konakart.KonakartParallelTesting.pages.PriceSlideBar.priceValidation(PriceSlideBar.java:68)
	at com.konakart.KonakartParallelTesting.testscripts.PriceSlideBarFunctionality.priceSlideBar(PriceSlideBarFunctionality.java:24)
	at sun.reflect.NativeMethodAccessorImpl.invoke0(Native Method)
	at sun.reflect.NativeMethodAccessorImpl.invoke(NativeMethodAccessorImpl.java:62)
	at sun.reflect.DelegatingMethodAccessorImpl.invoke(DelegatingMethodAccessorImpl.java:43)
	at java.lang.reflect.Method.invoke(Method.java:498)
	at org.testng.internal.MethodInvocationHelper.invokeMethod(MethodInvocationHelper.java:124)
	at org.testng.internal.Invoker.invokeMethod(Invoker.java:583)
	at org.testng.internal.Invoker.invokeTestMethod(Invoker.java:719)
	at org.testng.internal.Invoker.invokeTestMethods(Invoker.java:989)
	at org.testng.internal.TestMethodWorker.invokeTestMethods(TestMethodWorker.java:125)
	at org.testng.internal.TestMethodWorker.run(TestMethodWorker.java:109)
	at org.testng.TestRunner.privateRun(TestRunner.java:648)
	at org.testng.TestRunner.run(TestRunner.java:505)
	at org.testng.SuiteRunner.runTest(SuiteRunner.java:455)
	at org.testng.SuiteRunner.access$000(SuiteRunner.java:40)
	at org.testng.SuiteRunner$SuiteWorker.run(SuiteRunner.java:489)
	at org.testng.internal.thread.ThreadUtil$1.call(ThreadUtil.java:52)
	at java.util.concurrent.FutureTask.run(FutureTask.java:266)
	at java.util.concurrent.ThreadPoolExecutor.runWorker(ThreadPoolExecutor.java:1149)
	at java.util.concurrent.ThreadPoolExecutor$Worker.run(ThreadPoolExecutor.java:624)
	at java.lang.Thread.run(Thread.java:748)
</pre></div></td>
<td>7</td>
<td>com.konakart.KonakartParallelTesting.testscripts.PriceSlideBarFunctionality@5abca1e0</td></tr>
<tr>
<td title='com.konakart.KonakartParallelTesting.testscripts.PriceSlideBarFunctionality.priceSlideBar()'><b>priceSlideBar</b><br>Test class: com.konakart.KonakartParallelTesting.testscripts.PriceSlideBarFunctionality<br>Parameters: 100</td>
<td><div><pre>java.lang.NullPointerException
	at com.konakart.KonakartParallelTesting.extentreports.ExtentReport.messagePrint(ExtentReport.java:110)
	at com.konakart.KonakartParallelTesting.pages.PriceSlideBar.priceValidation(PriceSlideBar.java:68)
	at com.konakart.KonakartParallelTesting.testscripts.PriceSlideBarFunctionality.priceSlideBar(PriceSlideBarFunctionality.java:24)
	at java.util.concurrent.FutureTask.run(FutureTask.java:266)
	at java.util.concurrent.ThreadPoolExecutor.runWorker(ThreadPoolExecutor.java:1149)
	at java.util.concurrent.ThreadPoolExecutor$Worker.run(ThreadPoolExecutor.java:624)
	at java.lang.Thread.run(Thread.java:748)
... Removed 16 stack frames</pre></div><a href='#' onClick='toggleBox("stack-trace1610837363", this, "Click to show all stack frames", "Click to hide stack frames")'>Click to show all stack frames</a>
<div class='stack-trace' id='stack-trace1610837363'><pre>java.lang.NullPointerException
	at com.konakart.KonakartParallelTesting.extentreports.ExtentReport.messagePrint(ExtentReport.java:110)
	at com.konakart.KonakartParallelTesting.pages.PriceSlideBar.priceValidation(PriceSlideBar.java:68)
	at com.konakart.KonakartParallelTesting.testscripts.PriceSlideBarFunctionality.priceSlideBar(PriceSlideBarFunctionality.java:24)
	at sun.reflect.NativeMethodAccessorImpl.invoke0(Native Method)
	at sun.reflect.NativeMethodAccessorImpl.invoke(NativeMethodAccessorImpl.java:62)
	at sun.reflect.DelegatingMethodAccessorImpl.invoke(DelegatingMethodAccessorImpl.java:43)
	at java.lang.reflect.Method.invoke(Method.java:498)
	at org.testng.internal.MethodInvocationHelper.invokeMethod(MethodInvocationHelper.java:124)
	at org.testng.internal.Invoker.invokeMethod(Invoker.java:583)
	at org.testng.internal.Invoker.invokeTestMethod(Invoker.java:719)
	at org.testng.internal.Invoker.invokeTestMethods(Invoker.java:989)
	at org.testng.internal.TestMethodWorker.invokeTestMethods(TestMethodWorker.java:125)
	at org.testng.internal.TestMethodWorker.run(TestMethodWorker.java:109)
	at org.testng.TestRunner.privateRun(TestRunner.java:648)
	at org.testng.TestRunner.run(TestRunner.java:505)
	at org.testng.SuiteRunner.runTest(SuiteRunner.java:455)
	at org.testng.SuiteRunner.access$000(SuiteRunner.java:40)
	at org.testng.SuiteRunner$SuiteWorker.run(SuiteRunner.java:489)
	at org.testng.internal.thread.ThreadUtil$1.call(ThreadUtil.java:52)
	at java.util.concurrent.FutureTask.run(FutureTask.java:266)
	at java.util.concurrent.ThreadPoolExecutor.runWorker(ThreadPoolExecutor.java:1149)
	at java.util.concurrent.ThreadPoolExecutor$Worker.run(ThreadPoolExecutor.java:624)
	at java.lang.Thread.run(Thread.java:748)
</pre></div></td>
<td>6</td>
<td>com.konakart.KonakartParallelTesting.testscripts.PriceSlideBarFunctionality@5abca1e0</td></tr>
<tr>
<td title='com.konakart.KonakartParallelTesting.testscripts.ComuterPeripheralsFunctionality.productDetailsVerify()'><b>productDetailsVerify</b><br>Test class: com.konakart.KonakartParallelTesting.testscripts.ComuterPeripheralsFunctionality<br>Parameters: [Ljava.lang.String;@3d0824e</td>
<td><div><pre>java.lang.NullPointerException
	at com.konakart.KonakartParallelTesting.extentreports.ExtentReport.messagePrint(ExtentReport.java:110)
	at com.konakart.KonakartParallelTesting.pages.ComputerperipheralFunction.productValidation(ComputerperipheralFunction.java:59)
	at com.konakart.KonakartParallelTesting.testscripts.ComuterPeripheralsFunctionality.productDetailsVerify(ComuterPeripheralsFunctionality.java:56)
	at java.util.concurrent.FutureTask.run(FutureTask.java:266)
	at java.util.concurrent.ThreadPoolExecutor.runWorker(ThreadPoolExecutor.java:1149)
	at java.util.concurrent.ThreadPoolExecutor$Worker.run(ThreadPoolExecutor.java:624)
	at java.lang.Thread.run(Thread.java:748)
... Removed 16 stack frames</pre></div><a href='#' onClick='toggleBox("stack-trace1705827835", this, "Click to show all stack frames", "Click to hide stack frames")'>Click to show all stack frames</a>
<div class='stack-trace' id='stack-trace1705827835'><pre>java.lang.NullPointerException
	at com.konakart.KonakartParallelTesting.extentreports.ExtentReport.messagePrint(ExtentReport.java:110)
	at com.konakart.KonakartParallelTesting.pages.ComputerperipheralFunction.productValidation(ComputerperipheralFunction.java:59)
	at com.konakart.KonakartParallelTesting.testscripts.ComuterPeripheralsFunctionality.productDetailsVerify(ComuterPeripheralsFunctionality.java:56)
	at sun.reflect.NativeMethodAccessorImpl.invoke0(Native Method)
	at sun.reflect.NativeMethodAccessorImpl.invoke(NativeMethodAccessorImpl.java:62)
	at sun.reflect.DelegatingMethodAccessorImpl.invoke(DelegatingMethodAccessorImpl.java:43)
	at java.lang.reflect.Method.invoke(Method.java:498)
	at org.testng.internal.MethodInvocationHelper.invokeMethod(MethodInvocationHelper.java:124)
	at org.testng.internal.Invoker.invokeMethod(Invoker.java:583)
	at org.testng.internal.Invoker.invokeTestMethod(Invoker.java:719)
	at org.testng.internal.Invoker.invokeTestMethods(Invoker.java:989)
	at org.testng.internal.TestMethodWorker.invokeTestMethods(TestMethodWorker.java:125)
	at org.testng.internal.TestMethodWorker.run(TestMethodWorker.java:109)
	at org.testng.TestRunner.privateRun(TestRunner.java:648)
	at org.testng.TestRunner.run(TestRunner.java:505)
	at org.testng.SuiteRunner.runTest(SuiteRunner.java:455)
	at org.testng.SuiteRunner.access$000(SuiteRunner.java:40)
	at org.testng.SuiteRunner$SuiteWorker.run(SuiteRunner.java:489)
	at org.testng.internal.thread.ThreadUtil$1.call(ThreadUtil.java:52)
	at java.util.concurrent.FutureTask.run(FutureTask.java:266)
	at java.util.concurrent.ThreadPoolExecutor.runWorker(ThreadPoolExecutor.java:1149)
	at java.util.concurrent.ThreadPoolExecutor$Worker.run(ThreadPoolExecutor.java:624)
	at java.lang.Thread.run(Thread.java:748)
</pre></div></td>
<td>0</td>
<td>com.konakart.KonakartParallelTesting.testscripts.ComuterPeripheralsFunctionality@3632be31</td></tr>
<tr>
<td title='com.konakart.KonakartParallelTesting.testscripts.ComuterPeripheralsFunctionality.searchBoxWithoutSearchOption()'><b>searchBoxWithoutSearchOption</b><br>Test class: com.konakart.KonakartParallelTesting.testscripts.ComuterPeripheralsFunctionality<br>Parameters: [Ljava.lang.String;@3ca08ad9</td>
<td><div><pre>java.lang.NullPointerException
	at com.konakart.KonakartParallelTesting.extentreports.ExtentReport.messagePrint(ExtentReport.java:110)
	at com.konakart.KonakartParallelTesting.pages.ComputerperipheralFunction.erroMsgValidation(ComputerperipheralFunction.java:40)
	at com.konakart.KonakartParallelTesting.testscripts.ComuterPeripheralsFunctionality.searchBoxWithoutSearchOption(ComuterPeripheralsFunctionality.java:33)
	at java.util.concurrent.FutureTask.run(FutureTask.java:266)
	at java.util.concurrent.ThreadPoolExecutor.runWorker(ThreadPoolExecutor.java:1149)
	at java.util.concurrent.ThreadPoolExecutor$Worker.run(ThreadPoolExecutor.java:624)
	at java.lang.Thread.run(Thread.java:748)
... Removed 16 stack frames</pre></div><a href='#' onClick='toggleBox("stack-trace481651767", this, "Click to show all stack frames", "Click to hide stack frames")'>Click to show all stack frames</a>
<div class='stack-trace' id='stack-trace481651767'><pre>java.lang.NullPointerException
	at com.konakart.KonakartParallelTesting.extentreports.ExtentReport.messagePrint(ExtentReport.java:110)
	at com.konakart.KonakartParallelTesting.pages.ComputerperipheralFunction.erroMsgValidation(ComputerperipheralFunction.java:40)
	at com.konakart.KonakartParallelTesting.testscripts.ComuterPeripheralsFunctionality.searchBoxWithoutSearchOption(ComuterPeripheralsFunctionality.java:33)
	at sun.reflect.NativeMethodAccessorImpl.invoke0(Native Method)
	at sun.reflect.NativeMethodAccessorImpl.invoke(NativeMethodAccessorImpl.java:62)
	at sun.reflect.DelegatingMethodAccessorImpl.invoke(DelegatingMethodAccessorImpl.java:43)
	at java.lang.reflect.Method.invoke(Method.java:498)
	at org.testng.internal.MethodInvocationHelper.invokeMethod(MethodInvocationHelper.java:124)
	at org.testng.internal.Invoker.invokeMethod(Invoker.java:583)
	at org.testng.internal.Invoker.invokeTestMethod(Invoker.java:719)
	at org.testng.internal.Invoker.invokeTestMethods(Invoker.java:989)
	at org.testng.internal.TestMethodWorker.invokeTestMethods(TestMethodWorker.java:125)
	at org.testng.internal.TestMethodWorker.run(TestMethodWorker.java:109)
	at org.testng.TestRunner.privateRun(TestRunner.java:648)
	at org.testng.TestRunner.run(TestRunner.java:505)
	at org.testng.SuiteRunner.runTest(SuiteRunner.java:455)
	at org.testng.SuiteRunner.access$000(SuiteRunner.java:40)
	at org.testng.SuiteRunner$SuiteWorker.run(SuiteRunner.java:489)
	at org.testng.internal.thread.ThreadUtil$1.call(ThreadUtil.java:52)
	at java.util.concurrent.FutureTask.run(FutureTask.java:266)
	at java.util.concurrent.ThreadPoolExecutor.runWorker(ThreadPoolExecutor.java:1149)
	at java.util.concurrent.ThreadPoolExecutor$Worker.run(ThreadPoolExecutor.java:624)
	at java.lang.Thread.run(Thread.java:748)
</pre></div></td>
<td>5</td>
<td>com.konakart.KonakartParallelTesting.testscripts.ComuterPeripheralsFunctionality@3632be31</td></tr>
</table><p>
<table width='100%' border='1' class='invocation-passed'>
<tr><td colspan='4' align='center'><b>PASSED TESTS</b></td></tr>
<tr><td><b>Test method</b></td>
<td width="30%"><b>Exception</b></td>
<td width="10%"><b>Time (seconds)</b></td>
<td><b>Instance</b></td>
</tr>
<tr>
<td title='com.konakart.KonakartParallelTesting.testscripts.HeroImageFunctionality.heroImageSelect()'><b>heroImageSelect</b><br>Test class: com.konakart.KonakartParallelTesting.testscripts.HeroImageFunctionality</td>
<td></td>
<td>7</td>
<td>com.konakart.KonakartParallelTesting.testscripts.HeroImageFunctionality@56235b8e</td></tr>
<tr>
<td title='com.konakart.KonakartParallelTesting.testscripts.HeroImageFunctionality.heroImgContent()'><b>heroImgContent</b><br>Test class: com.konakart.KonakartParallelTesting.testscripts.HeroImageFunctionality<br>Parameters: [Ljava.lang.String;@1630f079</td>
<td></td>
<td>0</td>
<td>com.konakart.KonakartParallelTesting.testscripts.HeroImageFunctionality@56235b8e</td></tr>
<tr>
<td title='com.konakart.KonakartParallelTesting.testscripts.HeroImageFunctionality.heroImgSortingRatingFunctionality()'><b>heroImgSortingRatingFunctionality</b><br>Test class: com.konakart.KonakartParallelTesting.testscripts.HeroImageFunctionality<br>Parameters: [Ljava.lang.String;@125588f9</td>
<td></td>
<td>13</td>
<td>com.konakart.KonakartParallelTesting.testscripts.HeroImageFunctionality@56235b8e</td></tr>
<tr>
<td title='com.konakart.KonakartParallelTesting.testscripts.HomePageSearchBoxFunctionality.searchBox()'><b>searchBox</b><br>Test class: com.konakart.KonakartParallelTesting.testscripts.HomePageSearchBoxFunctionality<br>Parameters: [Ljava.lang.String;@2a1b3e28</td>
<td></td>
<td>10</td>
<td>com.konakart.KonakartParallelTesting.testscripts.HomePageSearchBoxFunctionality@6fc6f14e</td></tr>
<tr>
<td title='com.konakart.KonakartParallelTesting.testscripts.ComuterPeripheralsFunctionality.searchBoxWithSearchOption()'><b>searchBoxWithSearchOption</b><br>Test class: com.konakart.KonakartParallelTesting.testscripts.ComuterPeripheralsFunctionality<br>Parameters: [Ljava.lang.String;@15c6d31a</td>
<td></td>
<td>10</td>
<td>com.konakart.KonakartParallelTesting.testscripts.ComuterPeripheralsFunctionality@3632be31</td></tr>
</table><p>
</body>
</html>