<?xml version="1.0" encoding="UTF-8"?>
<!-- Generated by org.testng.reporters.JUnitXMLReporter -->
<testsuite hostname="ATMECSINLT-087" ignored="0" name="Test validate in internet explorer" tests="13" failures="8" timestamp="22 Oct 2019 15:46:47 GMT" time="353.814" errors="0">
  <testcase name="searchBox" time="70.454" classname="com.konakart.KonakartParallelTesting.testscripts.HomePageSearchBoxFunctionality">
    <failure type="java.lang.AssertionError" message="Product title validationfailed expected [Bundle Saver] but found [Westclox 32042r Retro 1950 Kitchen Wall Clock 9.5-inch Red]">
      <![CDATA[java.lang.AssertionError: Product title validationfailed expected [Bundle Saver] but found [Westclox 32042r Retro 1950 Kitchen Wall Clock 9.5-inch Red]
at com.konakart.KonakartParallelTesting.pages.SearchBoxFunction.validateProduct(SearchBoxFunction.java:66)
at com.konakart.KonakartParallelTesting.testscripts.HomePageSearchBoxFunctionality.searchBox(HomePageSearchBoxFunctionality.java:30)
at java.util.concurrent.FutureTask.run(FutureTask.java:266)
at java.util.concurrent.ThreadPoolExecutor.runWorker(ThreadPoolExecutor.java:1149)
at java.util.concurrent.ThreadPoolExecutor$Worker.run(ThreadPoolExecutor.java:624)
at java.lang.Thread.run(Thread.java:748)
... Removed 21 stack frames]]>
    </failure>
  </testcase> <!-- searchBox -->
  <testcase name="heroImageSelect" time="2.946" classname="com.konakart.KonakartParallelTesting.testscripts.HeroImageFunctionality"/>
  <testcase name="heroImgContent" time="0.096" classname="com.konakart.KonakartParallelTesting.testscripts.HeroImageFunctionality"/>
  <testcase name="heroImgContent" time="0.056" classname="com.konakart.KonakartParallelTesting.testscripts.HeroImageFunctionality"/>
  <testcase name="heroImgSortingDateFunctionality" time="14.67" classname="com.konakart.KonakartParallelTesting.testscripts.HeroImageFunctionality">
    <failure type="java.lang.ArrayIndexOutOfBoundsException" message="1">
      <![CDATA[java.lang.ArrayIndexOutOfBoundsException: 1
at com.konakart.KonakartParallelTesting.pages.HeroImageFunction.sortingDateValidation(HeroImageFunction.java:107)
at com.konakart.KonakartParallelTesting.testscripts.HeroImageFunctionality.heroImgSortingDateFunctionality(HeroImageFunctionality.java:43)
at java.util.concurrent.FutureTask.run(FutureTask.java:266)
at java.util.concurrent.ThreadPoolExecutor.runWorker(ThreadPoolExecutor.java:1149)
at java.util.concurrent.ThreadPoolExecutor$Worker.run(ThreadPoolExecutor.java:624)
at java.lang.Thread.run(Thread.java:748)
... Removed 16 stack frames]]>
    </failure>
  </testcase> <!-- heroImgSortingDateFunctionality -->
  <testcase name="heroImgSortingRatingFunctionality" time="32.373" classname="com.konakart.KonakartParallelTesting.testscripts.HeroImageFunctionality"/>
  <testcase name="searchBoxWithoutSearchOption" time="77.732" classname="com.konakart.KonakartParallelTesting.testscripts.ComuterPeripheralsFunctionality">
    <failure type="java.lang.NullPointerException">
      <![CDATA[java.lang.NullPointerException
at com.konakart.KonakartParallelTesting.extentreports.ExtentReport.messagePrint(ExtentReport.java:110)
at com.konakart.KonakartParallelTesting.pages.ComputerperipheralFunction.erroMsgValidation(ComputerperipheralFunction.java:40)
at com.konakart.KonakartParallelTesting.testscripts.ComuterPeripheralsFunctionality.searchBoxWithoutSearchOption(ComuterPeripheralsFunctionality.java:33)
at java.util.concurrent.FutureTask.run(FutureTask.java:266)
at java.util.concurrent.ThreadPoolExecutor.runWorker(ThreadPoolExecutor.java:1149)
at java.util.concurrent.ThreadPoolExecutor$Worker.run(ThreadPoolExecutor.java:624)
at java.lang.Thread.run(Thread.java:748)
... Removed 16 stack frames]]>
    </failure>
  </testcase> <!-- searchBoxWithoutSearchOption -->
  <testcase name="searchBoxWithSearchOption" time="82.183" classname="com.konakart.KonakartParallelTesting.testscripts.ComuterPeripheralsFunctionality"/>
  <testcase name="productDetailsVerify" time="1.11" classname="com.konakart.KonakartParallelTesting.testscripts.ComuterPeripheralsFunctionality">
    <failure type="java.lang.NullPointerException">
      <![CDATA[java.lang.NullPointerException
at com.konakart.KonakartParallelTesting.extentreports.ExtentReport.messagePrint(ExtentReport.java:110)
at com.konakart.KonakartParallelTesting.pages.ComputerperipheralFunction.productValidation(ComputerperipheralFunction.java:59)
at com.konakart.KonakartParallelTesting.testscripts.ComuterPeripheralsFunctionality.productDetailsVerify(ComuterPeripheralsFunctionality.java:56)
at java.util.concurrent.FutureTask.run(FutureTask.java:266)
at java.util.concurrent.ThreadPoolExecutor.runWorker(ThreadPoolExecutor.java:1149)
at java.util.concurrent.ThreadPoolExecutor$Worker.run(ThreadPoolExecutor.java:624)
at java.lang.Thread.run(Thread.java:748)
... Removed 16 stack frames]]>
    </failure>
  </testcase> <!-- productDetailsVerify -->
  <testcase name="priceSlideBar" time="9.474" classname="com.konakart.KonakartParallelTesting.testscripts.PriceSlideBarFunctionality">
    <failure type="java.lang.NullPointerException">
      <![CDATA[java.lang.NullPointerException
at com.konakart.KonakartParallelTesting.extentreports.ExtentReport.messagePrint(ExtentReport.java:110)
at com.konakart.KonakartParallelTesting.pages.PriceSlideBar.priceValidation(PriceSlideBar.java:68)
at com.konakart.KonakartParallelTesting.testscripts.PriceSlideBarFunctionality.priceSlideBar(PriceSlideBarFunctionality.java:24)
at java.util.concurrent.FutureTask.run(FutureTask.java:266)
at java.util.concurrent.ThreadPoolExecutor.runWorker(ThreadPoolExecutor.java:1149)
at java.util.concurrent.ThreadPoolExecutor$Worker.run(ThreadPoolExecutor.java:624)
at java.lang.Thread.run(Thread.java:748)
... Removed 16 stack frames]]>
    </failure>
  </testcase> <!-- priceSlideBar -->
  <testcase name="priceSlideBar" time="8.371" classname="com.konakart.KonakartParallelTesting.testscripts.PriceSlideBarFunctionality">
    <failure type="java.lang.NullPointerException">
      <![CDATA[java.lang.NullPointerException
at com.konakart.KonakartParallelTesting.extentreports.ExtentReport.messagePrint(ExtentReport.java:110)
at com.konakart.KonakartParallelTesting.pages.PriceSlideBar.priceValidation(PriceSlideBar.java:68)
at com.konakart.KonakartParallelTesting.testscripts.PriceSlideBarFunctionality.priceSlideBar(PriceSlideBarFunctionality.java:24)
at java.util.concurrent.FutureTask.run(FutureTask.java:266)
at java.util.concurrent.ThreadPoolExecutor.runWorker(ThreadPoolExecutor.java:1149)
at java.util.concurrent.ThreadPoolExecutor$Worker.run(ThreadPoolExecutor.java:624)
at java.lang.Thread.run(Thread.java:748)
... Removed 16 stack frames]]>
    </failure>
  </testcase> <!-- priceSlideBar -->
  <testcase name="priceSlideBar" time="8.308" classname="com.konakart.KonakartParallelTesting.testscripts.PriceSlideBarFunctionality">
    <failure type="java.lang.NullPointerException">
      <![CDATA[java.lang.NullPointerException
at com.konakart.KonakartParallelTesting.extentreports.ExtentReport.messagePrint(ExtentReport.java:110)
at com.konakart.KonakartParallelTesting.pages.PriceSlideBar.priceValidation(PriceSlideBar.java:68)
at com.konakart.KonakartParallelTesting.testscripts.PriceSlideBarFunctionality.priceSlideBar(PriceSlideBarFunctionality.java:24)
at java.util.concurrent.FutureTask.run(FutureTask.java:266)
at java.util.concurrent.ThreadPoolExecutor.runWorker(ThreadPoolExecutor.java:1149)
at java.util.concurrent.ThreadPoolExecutor$Worker.run(ThreadPoolExecutor.java:624)
at java.lang.Thread.run(Thread.java:748)
... Removed 16 stack frames]]>
    </failure>
  </testcase> <!-- priceSlideBar -->
  <testcase name="priceSlideBar" time="9.128" classname="com.konakart.KonakartParallelTesting.testscripts.PriceSlideBarFunctionality">
    <failure type="java.lang.NullPointerException">
      <![CDATA[java.lang.NullPointerException
at com.konakart.KonakartParallelTesting.extentreports.ExtentReport.messagePrint(ExtentReport.java:110)
at com.konakart.KonakartParallelTesting.pages.PriceSlideBar.priceValidation(PriceSlideBar.java:68)
at com.konakart.KonakartParallelTesting.testscripts.PriceSlideBarFunctionality.priceSlideBar(PriceSlideBarFunctionality.java:24)
at java.util.concurrent.FutureTask.run(FutureTask.java:266)
at java.util.concurrent.ThreadPoolExecutor.runWorker(ThreadPoolExecutor.java:1149)
at java.util.concurrent.ThreadPoolExecutor$Worker.run(ThreadPoolExecutor.java:624)
at java.lang.Thread.run(Thread.java:748)
... Removed 16 stack frames]]>
    </failure>
  </testcase> <!-- priceSlideBar -->
</testsuite> <!-- Test validate in internet explorer -->
