<?xml version="1.0" encoding="UTF-8"?>
<!-- Generated by org.testng.reporters.JUnitXMLReporter -->
<testsuite hostname="ATMECSINLT-087" ignored="0" name="Test validate in firefox" tests="1" failures="0" timestamp="02 Nov 2019 07:00:51 GMT" time="0.116" errors="0">
  <testcase name="@BeforeTest intitailizeBrowser" time="0.0" classname="com.konakart.KonakartParallelTesting.testbase.TestBase">
    <failure type="org.testng.TestNGException" message="
Method intitailizeBrowser requires 2 parameters but 1 were supplied in the BeforeTest annotation.">
      <![CDATA[org.testng.TestNGException: 
Method intitailizeBrowser requires 2 parameters but 1 were supplied in the BeforeTest annotation.
at java.util.concurrent.FutureTask.run(FutureTask.java:266)
at java.util.concurrent.ThreadPoolExecutor.runWorker(ThreadPoolExecutor.java:1149)
at java.util.concurrent.ThreadPoolExecutor$Worker.run(ThreadPoolExecutor.java:624)
at java.lang.Thread.run(Thread.java:748)
... Removed 12 stack frames]]>
    </failure>
  </testcase> <!-- @BeforeTest intitailizeBrowser -->
  <testcase name="@AfterClass endTest" time="0.0" classname="com.konakart.KonakartParallelTesting.testbase.TestBase">
    <skipped/>
  </testcase> <!-- @AfterClass endTest -->
  <testcase name="flightBookinf" time="0.0" classname="com.konakart.KonakartParallelTesting.testscripts.PhpTravelsTest">
    <skipped/>
  </testcase> <!-- flightBookinf -->
</testsuite> <!-- Test validate in firefox -->
