<?xml version="1.0" encoding="UTF-8"?>
<!-- Generated by org.testng.reporters.JUnitXMLReporter -->
<testsuite hostname="ATMECSINLT-087" ignored="0" name="Test" tests="4" failures="1" timestamp="23 Oct 2019 08:59:05 GMT" time="244.817" errors="0">
  <testcase name="runTestFile" time="83.245" classname="com.konakart.KonakartParallelTesting.testscripts.TestNGRunner"/>
  <testcase name="runTestFile" time="69.962" classname="com.konakart.KonakartParallelTesting.testscripts.TestNGRunner"/>
  <testcase name="runTestFile" time="90.201" classname="com.konakart.KonakartParallelTesting.testscripts.TestNGRunner"/>
  <testcase name="runTestFile" time="0.005" classname="com.konakart.KonakartParallelTesting.testscripts.TestNGRunner">
    <failure type="org.testng.TestNGException" message="
Cannot find class in classpath: com.konakart.KonakartParallelTesting.testscripts.PriceSlideBarFunctionality.java">
      <![CDATA[org.testng.TestNGException: 
Cannot find class in classpath: com.konakart.KonakartParallelTesting.testscripts.PriceSlideBarFunctionality.java
at com.konakart.KonakartParallelTesting.testscripts.TestNGRunner.runTestFile(TestNGRunner.java:67)
... Removed 45 stack frames]]>
    </failure>
  </testcase> <!-- runTestFile -->
</testsuite> <!-- Test -->
