<?xml version="1.0" encoding="UTF-8"?>
<testng-results skipped="0" failed="23" ignored="0" total="39" passed="16">
  <reporter-output>
  </reporter-output>
  <suite name="suite" duration-ms="353814" started-at="2019-10-22T15:40:53Z" finished-at="2019-10-22T15:46:47Z">
    <groups>
    </groups>
    <test name="Test validate in firefox" duration-ms="184474" started-at="2019-10-22T15:40:53Z" finished-at="2019-10-22T15:43:57Z">
      <class name="com.konakart.KonakartParallelTesting.testscripts.ComuterPeripheralsFunctionality">
        <test-method status="PASS" signature="intitailizeBrowser(java.lang.String)[pri:0, instance:com.konakart.KonakartParallelTesting.testscripts.ComuterPeripheralsFunctionality@63753b6d]" name="intitailizeBrowser" is-config="true" duration-ms="21084" started-at="2019-10-22T15:42:26Z" finished-at="2019-10-22T15:42:48Z">
          <params>
            <param index="0">
              <value>
                <![CDATA[firefox]]>
              </value>
            </param>
          </params>
          <reporter-output>
          </reporter-output>
        </test-method> <!-- intitailizeBrowser -->
        <test-method status="FAIL" signature="searchBoxWithoutSearchOption([Ljava.lang.String;)[pri:6, instance:com.konakart.KonakartParallelTesting.testscripts.ComuterPeripheralsFunctionality@63753b6d]" name="searchBoxWithoutSearchOption" duration-ms="3214" started-at="2019-10-22T15:42:48Z" data-provider="graphicsoption" finished-at="2019-10-22T15:42:51Z">
          <params>
            <param index="0">
              <value>
                <![CDATA[[Ljava.lang.String;@4013d94d]]>
              </value>
            </param>
          </params>
          <exception class="java.lang.NullPointerException">
            <full-stacktrace>
              <![CDATA[java.lang.NullPointerException
at com.konakart.KonakartParallelTesting.extentreports.ExtentReport.messagePrint(ExtentReport.java:110)
at com.konakart.KonakartParallelTesting.pages.ComputerperipheralFunction.erroMsgValidation(ComputerperipheralFunction.java:40)
at com.konakart.KonakartParallelTesting.testscripts.ComuterPeripheralsFunctionality.searchBoxWithoutSearchOption(ComuterPeripheralsFunctionality.java:33)
at sun.reflect.NativeMethodAccessorImpl.invoke0(Native Method)
at sun.reflect.NativeMethodAccessorImpl.invoke(NativeMethodAccessorImpl.java:62)
at sun.reflect.DelegatingMethodAccessorImpl.invoke(DelegatingMethodAccessorImpl.java:43)
at java.lang.reflect.Method.invoke(Method.java:498)
at org.testng.internal.MethodInvocationHelper.invokeMethod(MethodInvocationHelper.java:124)
at org.testng.internal.Invoker.invokeMethod(Invoker.java:583)
at org.testng.internal.Invoker.invokeTestMethod(Invoker.java:719)
at org.testng.internal.Invoker.invokeTestMethods(Invoker.java:989)
at org.testng.internal.TestMethodWorker.invokeTestMethods(TestMethodWorker.java:125)
at org.testng.internal.TestMethodWorker.run(TestMethodWorker.java:109)
at org.testng.TestRunner.privateRun(TestRunner.java:648)
at org.testng.TestRunner.run(TestRunner.java:505)
at org.testng.SuiteRunner.runTest(SuiteRunner.java:455)
at org.testng.SuiteRunner.access$000(SuiteRunner.java:40)
at org.testng.SuiteRunner$SuiteWorker.run(SuiteRunner.java:489)
at org.testng.internal.thread.ThreadUtil$1.call(ThreadUtil.java:52)
at java.util.concurrent.FutureTask.run(FutureTask.java:266)
at java.util.concurrent.ThreadPoolExecutor.runWorker(ThreadPoolExecutor.java:1149)
at java.util.concurrent.ThreadPoolExecutor$Worker.run(ThreadPoolExecutor.java:624)
at java.lang.Thread.run(Thread.java:748)
]]>
            </full-stacktrace>
          </exception> <!-- java.lang.NullPointerException -->
          <reporter-output>
          </reporter-output>
        </test-method> <!-- searchBoxWithoutSearchOption -->
        <test-method status="PASS" signature="searchBoxWithSearchOption([Ljava.lang.String;)[pri:7, instance:com.konakart.KonakartParallelTesting.testscripts.ComuterPeripheralsFunctionality@63753b6d]" name="searchBoxWithSearchOption" duration-ms="11140" started-at="2019-10-22T15:42:51Z" data-provider="graphicsoption" finished-at="2019-10-22T15:43:02Z">
          <params>
            <param index="0">
              <value>
                <![CDATA[[Ljava.lang.String;@3ed16fac]]>
              </value>
            </param>
          </params>
          <reporter-output>
          </reporter-output>
        </test-method> <!-- searchBoxWithSearchOption -->
        <test-method status="PASS" signature="productDetailsVerify([Ljava.lang.String;)[pri:8, instance:com.konakart.KonakartParallelTesting.testscripts.ComuterPeripheralsFunctionality@63753b6d]" name="productDetailsVerify" duration-ms="251" started-at="2019-10-22T15:43:02Z" data-provider="product details" finished-at="2019-10-22T15:43:02Z">
          <params>
            <param index="0">
              <value>
                <![CDATA[[Ljava.lang.String;@2772076c]]>
              </value>
            </param>
          </params>
          <reporter-output>
          </reporter-output>
        </test-method> <!-- productDetailsVerify -->
        <test-method status="PASS" signature="endClass()[pri:0, instance:com.konakart.KonakartParallelTesting.testscripts.ComuterPeripheralsFunctionality@63753b6d]" name="endClass" is-config="true" duration-ms="5182" started-at="2019-10-22T15:43:02Z" finished-at="2019-10-22T15:43:07Z">
          <reporter-output>
          </reporter-output>
        </test-method> <!-- endClass -->
      </class> <!-- com.konakart.KonakartParallelTesting.testscripts.ComuterPeripheralsFunctionality -->
      <class name="com.konakart.KonakartParallelTesting.testscripts.HomePageSearchBoxFunctionality">
        <test-method status="PASS" signature="intitailizeBrowser(java.lang.String)[pri:0, instance:com.konakart.KonakartParallelTesting.testscripts.HomePageSearchBoxFunctionality@370736d9]" name="intitailizeBrowser" is-config="true" duration-ms="19333" started-at="2019-10-22T15:40:53Z" finished-at="2019-10-22T15:41:12Z">
          <params>
            <param index="0">
              <value>
                <![CDATA[firefox]]>
              </value>
            </param>
          </params>
          <reporter-output>
          </reporter-output>
        </test-method> <!-- intitailizeBrowser -->
        <test-method status="PASS" signature="searchBox([Ljava.lang.String;)[pri:1, instance:com.konakart.KonakartParallelTesting.testscripts.HomePageSearchBoxFunctionality@370736d9]" name="searchBox" duration-ms="13306" started-at="2019-10-22T15:41:12Z" data-provider="searchbox" finished-at="2019-10-22T15:41:26Z">
          <params>
            <param index="0">
              <value>
                <![CDATA[[Ljava.lang.String;@da935d3]]>
              </value>
            </param>
          </params>
          <reporter-output>
          </reporter-output>
        </test-method> <!-- searchBox -->
        <test-method status="PASS" signature="endClass()[pri:0, instance:com.konakart.KonakartParallelTesting.testscripts.HomePageSearchBoxFunctionality@370736d9]" name="endClass" is-config="true" duration-ms="8712" started-at="2019-10-22T15:41:26Z" finished-at="2019-10-22T15:41:34Z">
          <reporter-output>
          </reporter-output>
        </test-method> <!-- endClass -->
      </class> <!-- com.konakart.KonakartParallelTesting.testscripts.HomePageSearchBoxFunctionality -->
      <class name="com.konakart.KonakartParallelTesting.testscripts.PriceSlideBarFunctionality">
        <test-method status="PASS" signature="intitailizeBrowser(java.lang.String)[pri:0, instance:com.konakart.KonakartParallelTesting.testscripts.PriceSlideBarFunctionality@6b09bb57]" name="intitailizeBrowser" is-config="true" duration-ms="32410" started-at="2019-10-22T15:43:07Z" finished-at="2019-10-22T15:43:40Z">
          <params>
            <param index="0">
              <value>
                <![CDATA[firefox]]>
              </value>
            </param>
          </params>
          <reporter-output>
          </reporter-output>
        </test-method> <!-- intitailizeBrowser -->
        <test-method status="FAIL" signature="priceSlideBar(java.lang.String)[pri:9, instance:com.konakart.KonakartParallelTesting.testscripts.PriceSlideBarFunctionality@6b09bb57]" name="priceSlideBar" duration-ms="3499" started-at="2019-10-22T15:43:40Z" data-provider="priceslidebar" finished-at="2019-10-22T15:43:43Z">
          <params>
            <param index="0">
              <value>
                <![CDATA[25]]>
              </value>
            </param>
          </params>
          <exception class="java.lang.NullPointerException">
            <full-stacktrace>
              <![CDATA[java.lang.NullPointerException
at com.konakart.KonakartParallelTesting.pages.PriceSlideBar.priceValidation(PriceSlideBar.java:59)
at com.konakart.KonakartParallelTesting.testscripts.PriceSlideBarFunctionality.priceSlideBar(PriceSlideBarFunctionality.java:24)
at sun.reflect.NativeMethodAccessorImpl.invoke0(Native Method)
at sun.reflect.NativeMethodAccessorImpl.invoke(NativeMethodAccessorImpl.java:62)
at sun.reflect.DelegatingMethodAccessorImpl.invoke(DelegatingMethodAccessorImpl.java:43)
at java.lang.reflect.Method.invoke(Method.java:498)
at org.testng.internal.MethodInvocationHelper.invokeMethod(MethodInvocationHelper.java:124)
at org.testng.internal.Invoker.invokeMethod(Invoker.java:583)
at org.testng.internal.Invoker.invokeTestMethod(Invoker.java:719)
at org.testng.internal.Invoker.invokeTestMethods(Invoker.java:989)
at org.testng.internal.TestMethodWorker.invokeTestMethods(TestMethodWorker.java:125)
at org.testng.internal.TestMethodWorker.run(TestMethodWorker.java:109)
at org.testng.TestRunner.privateRun(TestRunner.java:648)
at org.testng.TestRunner.run(TestRunner.java:505)
at org.testng.SuiteRunner.runTest(SuiteRunner.java:455)
at org.testng.SuiteRunner.access$000(SuiteRunner.java:40)
at org.testng.SuiteRunner$SuiteWorker.run(SuiteRunner.java:489)
at org.testng.internal.thread.ThreadUtil$1.call(ThreadUtil.java:52)
at java.util.concurrent.FutureTask.run(FutureTask.java:266)
at java.util.concurrent.ThreadPoolExecutor.runWorker(ThreadPoolExecutor.java:1149)
at java.util.concurrent.ThreadPoolExecutor$Worker.run(ThreadPoolExecutor.java:624)
at java.lang.Thread.run(Thread.java:748)
]]>
            </full-stacktrace>
          </exception> <!-- java.lang.NullPointerException -->
          <reporter-output>
          </reporter-output>
        </test-method> <!-- priceSlideBar -->
        <test-method status="FAIL" signature="priceSlideBar(java.lang.String)[pri:9, instance:com.konakart.KonakartParallelTesting.testscripts.PriceSlideBarFunctionality@6b09bb57]" name="priceSlideBar" duration-ms="3290" started-at="2019-10-22T15:43:43Z" data-provider="priceslidebar" finished-at="2019-10-22T15:43:47Z">
          <params>
            <param index="0">
              <value>
                <![CDATA[50]]>
              </value>
            </param>
          </params>
          <exception class="java.lang.NullPointerException">
            <full-stacktrace>
              <![CDATA[java.lang.NullPointerException
at com.konakart.KonakartParallelTesting.pages.PriceSlideBar.priceValidation(PriceSlideBar.java:59)
at com.konakart.KonakartParallelTesting.testscripts.PriceSlideBarFunctionality.priceSlideBar(PriceSlideBarFunctionality.java:24)
at sun.reflect.NativeMethodAccessorImpl.invoke0(Native Method)
at sun.reflect.NativeMethodAccessorImpl.invoke(NativeMethodAccessorImpl.java:62)
at sun.reflect.DelegatingMethodAccessorImpl.invoke(DelegatingMethodAccessorImpl.java:43)
at java.lang.reflect.Method.invoke(Method.java:498)
at org.testng.internal.MethodInvocationHelper.invokeMethod(MethodInvocationHelper.java:124)
at org.testng.internal.Invoker.invokeMethod(Invoker.java:583)
at org.testng.internal.Invoker.invokeTestMethod(Invoker.java:719)
at org.testng.internal.Invoker.invokeTestMethods(Invoker.java:989)
at org.testng.internal.TestMethodWorker.invokeTestMethods(TestMethodWorker.java:125)
at org.testng.internal.TestMethodWorker.run(TestMethodWorker.java:109)
at org.testng.TestRunner.privateRun(TestRunner.java:648)
at org.testng.TestRunner.run(TestRunner.java:505)
at org.testng.SuiteRunner.runTest(SuiteRunner.java:455)
at org.testng.SuiteRunner.access$000(SuiteRunner.java:40)
at org.testng.SuiteRunner$SuiteWorker.run(SuiteRunner.java:489)
at org.testng.internal.thread.ThreadUtil$1.call(ThreadUtil.java:52)
at java.util.concurrent.FutureTask.run(FutureTask.java:266)
at java.util.concurrent.ThreadPoolExecutor.runWorker(ThreadPoolExecutor.java:1149)
at java.util.concurrent.ThreadPoolExecutor$Worker.run(ThreadPoolExecutor.java:624)
at java.lang.Thread.run(Thread.java:748)
]]>
            </full-stacktrace>
          </exception> <!-- java.lang.NullPointerException -->
          <reporter-output>
          </reporter-output>
        </test-method> <!-- priceSlideBar -->
        <test-method status="FAIL" signature="priceSlideBar(java.lang.String)[pri:9, instance:com.konakart.KonakartParallelTesting.testscripts.PriceSlideBarFunctionality@6b09bb57]" name="priceSlideBar" duration-ms="3265" started-at="2019-10-22T15:43:47Z" data-provider="priceslidebar" finished-at="2019-10-22T15:43:50Z">
          <params>
            <param index="0">
              <value>
                <![CDATA[75]]>
              </value>
            </param>
          </params>
          <exception class="java.lang.NullPointerException">
            <full-stacktrace>
              <![CDATA[java.lang.NullPointerException
at com.konakart.KonakartParallelTesting.pages.PriceSlideBar.priceValidation(PriceSlideBar.java:59)
at com.konakart.KonakartParallelTesting.testscripts.PriceSlideBarFunctionality.priceSlideBar(PriceSlideBarFunctionality.java:24)
at sun.reflect.NativeMethodAccessorImpl.invoke0(Native Method)
at sun.reflect.NativeMethodAccessorImpl.invoke(NativeMethodAccessorImpl.java:62)
at sun.reflect.DelegatingMethodAccessorImpl.invoke(DelegatingMethodAccessorImpl.java:43)
at java.lang.reflect.Method.invoke(Method.java:498)
at org.testng.internal.MethodInvocationHelper.invokeMethod(MethodInvocationHelper.java:124)
at org.testng.internal.Invoker.invokeMethod(Invoker.java:583)
at org.testng.internal.Invoker.invokeTestMethod(Invoker.java:719)
at org.testng.internal.Invoker.invokeTestMethods(Invoker.java:989)
at org.testng.internal.TestMethodWorker.invokeTestMethods(TestMethodWorker.java:125)
at org.testng.internal.TestMethodWorker.run(TestMethodWorker.java:109)
at org.testng.TestRunner.privateRun(TestRunner.java:648)
at org.testng.TestRunner.run(TestRunner.java:505)
at org.testng.SuiteRunner.runTest(SuiteRunner.java:455)
at org.testng.SuiteRunner.access$000(SuiteRunner.java:40)
at org.testng.SuiteRunner$SuiteWorker.run(SuiteRunner.java:489)
at org.testng.internal.thread.ThreadUtil$1.call(ThreadUtil.java:52)
at java.util.concurrent.FutureTask.run(FutureTask.java:266)
at java.util.concurrent.ThreadPoolExecutor.runWorker(ThreadPoolExecutor.java:1149)
at java.util.concurrent.ThreadPoolExecutor$Worker.run(ThreadPoolExecutor.java:624)
at java.lang.Thread.run(Thread.java:748)
]]>
            </full-stacktrace>
          </exception> <!-- java.lang.NullPointerException -->
          <reporter-output>
          </reporter-output>
        </test-method> <!-- priceSlideBar -->
        <test-method status="FAIL" signature="priceSlideBar(java.lang.String)[pri:9, instance:com.konakart.KonakartParallelTesting.testscripts.PriceSlideBarFunctionality@6b09bb57]" name="priceSlideBar" duration-ms="3360" started-at="2019-10-22T15:43:50Z" data-provider="priceslidebar" finished-at="2019-10-22T15:43:53Z">
          <params>
            <param index="0">
              <value>
                <![CDATA[100]]>
              </value>
            </param>
          </params>
          <exception class="java.lang.NullPointerException">
            <full-stacktrace>
              <![CDATA[java.lang.NullPointerException
at com.konakart.KonakartParallelTesting.pages.PriceSlideBar.priceValidation(PriceSlideBar.java:59)
at com.konakart.KonakartParallelTesting.testscripts.PriceSlideBarFunctionality.priceSlideBar(PriceSlideBarFunctionality.java:24)
at sun.reflect.NativeMethodAccessorImpl.invoke0(Native Method)
at sun.reflect.NativeMethodAccessorImpl.invoke(NativeMethodAccessorImpl.java:62)
at sun.reflect.DelegatingMethodAccessorImpl.invoke(DelegatingMethodAccessorImpl.java:43)
at java.lang.reflect.Method.invoke(Method.java:498)
at org.testng.internal.MethodInvocationHelper.invokeMethod(MethodInvocationHelper.java:124)
at org.testng.internal.Invoker.invokeMethod(Invoker.java:583)
at org.testng.internal.Invoker.invokeTestMethod(Invoker.java:719)
at org.testng.internal.Invoker.invokeTestMethods(Invoker.java:989)
at org.testng.internal.TestMethodWorker.invokeTestMethods(TestMethodWorker.java:125)
at org.testng.internal.TestMethodWorker.run(TestMethodWorker.java:109)
at org.testng.TestRunner.privateRun(TestRunner.java:648)
at org.testng.TestRunner.run(TestRunner.java:505)
at org.testng.SuiteRunner.runTest(SuiteRunner.java:455)
at org.testng.SuiteRunner.access$000(SuiteRunner.java:40)
at org.testng.SuiteRunner$SuiteWorker.run(SuiteRunner.java:489)
at org.testng.internal.thread.ThreadUtil$1.call(ThreadUtil.java:52)
at java.util.concurrent.FutureTask.run(FutureTask.java:266)
at java.util.concurrent.ThreadPoolExecutor.runWorker(ThreadPoolExecutor.java:1149)
at java.util.concurrent.ThreadPoolExecutor$Worker.run(ThreadPoolExecutor.java:624)
at java.lang.Thread.run(Thread.java:748)
]]>
            </full-stacktrace>
          </exception> <!-- java.lang.NullPointerException -->
          <reporter-output>
          </reporter-output>
        </test-method> <!-- priceSlideBar -->
        <test-method status="PASS" signature="endClass()[pri:0, instance:com.konakart.KonakartParallelTesting.testscripts.PriceSlideBarFunctionality@6b09bb57]" name="endClass" is-config="true" duration-ms="4007" started-at="2019-10-22T15:43:53Z" finished-at="2019-10-22T15:43:57Z">
          <reporter-output>
          </reporter-output>
        </test-method> <!-- endClass -->
      </class> <!-- com.konakart.KonakartParallelTesting.testscripts.PriceSlideBarFunctionality -->
      <class name="com.konakart.KonakartParallelTesting.testscripts.HeroImageFunctionality">
        <test-method status="PASS" signature="intitailizeBrowser(java.lang.String)[pri:0, instance:com.konakart.KonakartParallelTesting.testscripts.HeroImageFunctionality@5f9d02cb]" name="intitailizeBrowser" is-config="true" duration-ms="17436" started-at="2019-10-22T15:41:34Z" finished-at="2019-10-22T15:41:52Z">
          <params>
            <param index="0">
              <value>
                <![CDATA[firefox]]>
              </value>
            </param>
          </params>
          <reporter-output>
          </reporter-output>
        </test-method> <!-- intitailizeBrowser -->
        <test-method status="PASS" signature="heroImageSelect()[pri:2, instance:com.konakart.KonakartParallelTesting.testscripts.HeroImageFunctionality@5f9d02cb]" name="heroImageSelect" duration-ms="7100" started-at="2019-10-22T15:41:52Z" finished-at="2019-10-22T15:41:59Z">
          <reporter-output>
          </reporter-output>
        </test-method> <!-- heroImageSelect -->
        <test-method status="FAIL" signature="heroImgContent([Ljava.lang.String;)[pri:3, instance:com.konakart.KonakartParallelTesting.testscripts.HeroImageFunctionality@5f9d02cb]" name="heroImgContent" duration-ms="400" started-at="2019-10-22T15:41:59Z" data-provider="heroimage" finished-at="2019-10-22T15:41:59Z">
          <params>
            <param index="0">
              <value>
                <![CDATA[[Ljava.lang.String;@3b401795]]>
              </value>
            </param>
          </params>
          <exception class="java.lang.NullPointerException">
            <full-stacktrace>
              <![CDATA[java.lang.NullPointerException
at com.konakart.KonakartParallelTesting.extentreports.ExtentReport.messagePrint(ExtentReport.java:110)
at com.konakart.KonakartParallelTesting.pages.HeroImageFunction.pageDescriptionvalidation(HeroImageFunction.java:82)
at com.konakart.KonakartParallelTesting.pages.HeroImageFunction.heroImgContentValidation(HeroImageFunction.java:46)
at com.konakart.KonakartParallelTesting.testscripts.HeroImageFunctionality.heroImgContent(HeroImageFunctionality.java:34)
at sun.reflect.NativeMethodAccessorImpl.invoke0(Native Method)
at sun.reflect.NativeMethodAccessorImpl.invoke(NativeMethodAccessorImpl.java:62)
at sun.reflect.DelegatingMethodAccessorImpl.invoke(DelegatingMethodAccessorImpl.java:43)
at java.lang.reflect.Method.invoke(Method.java:498)
at org.testng.internal.MethodInvocationHelper.invokeMethod(MethodInvocationHelper.java:124)
at org.testng.internal.Invoker.invokeMethod(Invoker.java:583)
at org.testng.internal.Invoker.invokeTestMethod(Invoker.java:719)
at org.testng.internal.Invoker.invokeTestMethods(Invoker.java:989)
at org.testng.internal.TestMethodWorker.invokeTestMethods(TestMethodWorker.java:125)
at org.testng.internal.TestMethodWorker.run(TestMethodWorker.java:109)
at org.testng.TestRunner.privateRun(TestRunner.java:648)
at org.testng.TestRunner.run(TestRunner.java:505)
at org.testng.SuiteRunner.runTest(SuiteRunner.java:455)
at org.testng.SuiteRunner.access$000(SuiteRunner.java:40)
at org.testng.SuiteRunner$SuiteWorker.run(SuiteRunner.java:489)
at org.testng.internal.thread.ThreadUtil$1.call(ThreadUtil.java:52)
at java.util.concurrent.FutureTask.run(FutureTask.java:266)
at java.util.concurrent.ThreadPoolExecutor.runWorker(ThreadPoolExecutor.java:1149)
at java.util.concurrent.ThreadPoolExecutor$Worker.run(ThreadPoolExecutor.java:624)
at java.lang.Thread.run(Thread.java:748)
]]>
            </full-stacktrace>
          </exception> <!-- java.lang.NullPointerException -->
          <reporter-output>
          </reporter-output>
        </test-method> <!-- heroImgContent -->
        <test-method status="PASS" signature="heroImgContent([Ljava.lang.String;)[pri:3, instance:com.konakart.KonakartParallelTesting.testscripts.HeroImageFunctionality@5f9d02cb]" name="heroImgContent" duration-ms="52" started-at="2019-10-22T15:41:59Z" data-provider="heroimage" finished-at="2019-10-22T15:41:59Z">
          <params>
            <param index="0">
              <value>
                <![CDATA[[Ljava.lang.String;@5d4dc0da]]>
              </value>
            </param>
          </params>
          <reporter-output>
          </reporter-output>
        </test-method> <!-- heroImgContent -->
        <test-method status="FAIL" signature="heroImgSortingDateFunctionality([Ljava.lang.String;)[pri:4, instance:com.konakart.KonakartParallelTesting.testscripts.HeroImageFunctionality@5f9d02cb]" name="heroImgSortingDateFunctionality" duration-ms="6140" started-at="2019-10-22T15:42:00Z" data-provider="reviewdropdown" finished-at="2019-10-22T15:42:06Z">
          <params>
            <param index="0">
              <value>
                <![CDATA[[Ljava.lang.String;@583c6676]]>
              </value>
            </param>
          </params>
          <exception class="java.lang.ArrayIndexOutOfBoundsException">
            <message>
              <![CDATA[1]]>
            </message>
            <full-stacktrace>
              <![CDATA[java.lang.ArrayIndexOutOfBoundsException: 1
at com.konakart.KonakartParallelTesting.pages.HeroImageFunction.sortingDateValidation(HeroImageFunction.java:107)
at com.konakart.KonakartParallelTesting.testscripts.HeroImageFunctionality.heroImgSortingDateFunctionality(HeroImageFunctionality.java:43)
at sun.reflect.NativeMethodAccessorImpl.invoke0(Native Method)
at sun.reflect.NativeMethodAccessorImpl.invoke(NativeMethodAccessorImpl.java:62)
at sun.reflect.DelegatingMethodAccessorImpl.invoke(DelegatingMethodAccessorImpl.java:43)
at java.lang.reflect.Method.invoke(Method.java:498)
at org.testng.internal.MethodInvocationHelper.invokeMethod(MethodInvocationHelper.java:124)
at org.testng.internal.Invoker.invokeMethod(Invoker.java:583)
at org.testng.internal.Invoker.invokeTestMethod(Invoker.java:719)
at org.testng.internal.Invoker.invokeTestMethods(Invoker.java:989)
at org.testng.internal.TestMethodWorker.invokeTestMethods(TestMethodWorker.java:125)
at org.testng.internal.TestMethodWorker.run(TestMethodWorker.java:109)
at org.testng.TestRunner.privateRun(TestRunner.java:648)
at org.testng.TestRunner.run(TestRunner.java:505)
at org.testng.SuiteRunner.runTest(SuiteRunner.java:455)
at org.testng.SuiteRunner.access$000(SuiteRunner.java:40)
at org.testng.SuiteRunner$SuiteWorker.run(SuiteRunner.java:489)
at org.testng.internal.thread.ThreadUtil$1.call(ThreadUtil.java:52)
at java.util.concurrent.FutureTask.run(FutureTask.java:266)
at java.util.concurrent.ThreadPoolExecutor.runWorker(ThreadPoolExecutor.java:1149)
at java.util.concurrent.ThreadPoolExecutor$Worker.run(ThreadPoolExecutor.java:624)
at java.lang.Thread.run(Thread.java:748)
]]>
            </full-stacktrace>
          </exception> <!-- java.lang.ArrayIndexOutOfBoundsException -->
          <reporter-output>
          </reporter-output>
        </test-method> <!-- heroImgSortingDateFunctionality -->
        <test-method status="PASS" signature="heroImgSortingRatingFunctionality([Ljava.lang.String;)[pri:5, instance:com.konakart.KonakartParallelTesting.testscripts.HeroImageFunctionality@5f9d02cb]" name="heroImgSortingRatingFunctionality" duration-ms="12635" started-at="2019-10-22T15:42:06Z" data-provider="reviewdropdown" finished-at="2019-10-22T15:42:18Z">
          <params>
            <param index="0">
              <value>
                <![CDATA[[Ljava.lang.String;@797560be]]>
              </value>
            </param>
          </params>
          <reporter-output>
          </reporter-output>
        </test-method> <!-- heroImgSortingRatingFunctionality -->
        <test-method status="PASS" signature="endClass()[pri:0, instance:com.konakart.KonakartParallelTesting.testscripts.HeroImageFunctionality@5f9d02cb]" name="endClass" is-config="true" duration-ms="8052" started-at="2019-10-22T15:42:18Z" finished-at="2019-10-22T15:42:26Z">
          <reporter-output>
          </reporter-output>
        </test-method> <!-- endClass -->
      </class> <!-- com.konakart.KonakartParallelTesting.testscripts.HeroImageFunctionality -->
    </test> <!-- Test validate in firefox -->
    <test name="Test validate in chrome" duration-ms="206800" started-at="2019-10-22T15:40:53Z" finished-at="2019-10-22T15:44:20Z">
      <class name="com.konakart.KonakartParallelTesting.testscripts.ComuterPeripheralsFunctionality">
        <test-method status="PASS" signature="intitailizeBrowser(java.lang.String)[pri:0, instance:com.konakart.KonakartParallelTesting.testscripts.ComuterPeripheralsFunctionality@3632be31]" name="intitailizeBrowser" is-config="true" duration-ms="20978" started-at="2019-10-22T15:42:21Z" finished-at="2019-10-22T15:42:42Z">
          <params>
            <param index="0">
              <value>
                <![CDATA[chrome]]>
              </value>
            </param>
          </params>
          <reporter-output>
          </reporter-output>
        </test-method> <!-- intitailizeBrowser -->
        <test-method status="FAIL" signature="searchBoxWithoutSearchOption([Ljava.lang.String;)[pri:6, instance:com.konakart.KonakartParallelTesting.testscripts.ComuterPeripheralsFunctionality@3632be31]" name="searchBoxWithoutSearchOption" duration-ms="5280" started-at="2019-10-22T15:42:42Z" data-provider="graphicsoption" finished-at="2019-10-22T15:42:47Z">
          <params>
            <param index="0">
              <value>
                <![CDATA[[Ljava.lang.String;@3ca08ad9]]>
              </value>
            </param>
          </params>
          <exception class="java.lang.NullPointerException">
            <full-stacktrace>
              <![CDATA[java.lang.NullPointerException
at com.konakart.KonakartParallelTesting.extentreports.ExtentReport.messagePrint(ExtentReport.java:110)
at com.konakart.KonakartParallelTesting.pages.ComputerperipheralFunction.erroMsgValidation(ComputerperipheralFunction.java:40)
at com.konakart.KonakartParallelTesting.testscripts.ComuterPeripheralsFunctionality.searchBoxWithoutSearchOption(ComuterPeripheralsFunctionality.java:33)
at sun.reflect.NativeMethodAccessorImpl.invoke0(Native Method)
at sun.reflect.NativeMethodAccessorImpl.invoke(NativeMethodAccessorImpl.java:62)
at sun.reflect.DelegatingMethodAccessorImpl.invoke(DelegatingMethodAccessorImpl.java:43)
at java.lang.reflect.Method.invoke(Method.java:498)
at org.testng.internal.MethodInvocationHelper.invokeMethod(MethodInvocationHelper.java:124)
at org.testng.internal.Invoker.invokeMethod(Invoker.java:583)
at org.testng.internal.Invoker.invokeTestMethod(Invoker.java:719)
at org.testng.internal.Invoker.invokeTestMethods(Invoker.java:989)
at org.testng.internal.TestMethodWorker.invokeTestMethods(TestMethodWorker.java:125)
at org.testng.internal.TestMethodWorker.run(TestMethodWorker.java:109)
at org.testng.TestRunner.privateRun(TestRunner.java:648)
at org.testng.TestRunner.run(TestRunner.java:505)
at org.testng.SuiteRunner.runTest(SuiteRunner.java:455)
at org.testng.SuiteRunner.access$000(SuiteRunner.java:40)
at org.testng.SuiteRunner$SuiteWorker.run(SuiteRunner.java:489)
at org.testng.internal.thread.ThreadUtil$1.call(ThreadUtil.java:52)
at java.util.concurrent.FutureTask.run(FutureTask.java:266)
at java.util.concurrent.ThreadPoolExecutor.runWorker(ThreadPoolExecutor.java:1149)
at java.util.concurrent.ThreadPoolExecutor$Worker.run(ThreadPoolExecutor.java:624)
at java.lang.Thread.run(Thread.java:748)
]]>
            </full-stacktrace>
          </exception> <!-- java.lang.NullPointerException -->
          <reporter-output>
          </reporter-output>
        </test-method> <!-- searchBoxWithoutSearchOption -->
        <test-method status="PASS" signature="searchBoxWithSearchOption([Ljava.lang.String;)[pri:7, instance:com.konakart.KonakartParallelTesting.testscripts.ComuterPeripheralsFunctionality@3632be31]" name="searchBoxWithSearchOption" duration-ms="10778" started-at="2019-10-22T15:42:47Z" data-provider="graphicsoption" finished-at="2019-10-22T15:42:58Z">
          <params>
            <param index="0">
              <value>
                <![CDATA[[Ljava.lang.String;@15c6d31a]]>
              </value>
            </param>
          </params>
          <reporter-output>
          </reporter-output>
        </test-method> <!-- searchBoxWithSearchOption -->
        <test-method status="FAIL" signature="productDetailsVerify([Ljava.lang.String;)[pri:8, instance:com.konakart.KonakartParallelTesting.testscripts.ComuterPeripheralsFunctionality@3632be31]" name="productDetailsVerify" duration-ms="429" started-at="2019-10-22T15:42:58Z" data-provider="product details" finished-at="2019-10-22T15:42:59Z">
          <params>
            <param index="0">
              <value>
                <![CDATA[[Ljava.lang.String;@3d0824e]]>
              </value>
            </param>
          </params>
          <exception class="java.lang.NullPointerException">
            <full-stacktrace>
              <![CDATA[java.lang.NullPointerException
at com.konakart.KonakartParallelTesting.extentreports.ExtentReport.messagePrint(ExtentReport.java:110)
at com.konakart.KonakartParallelTesting.pages.ComputerperipheralFunction.productValidation(ComputerperipheralFunction.java:59)
at com.konakart.KonakartParallelTesting.testscripts.ComuterPeripheralsFunctionality.productDetailsVerify(ComuterPeripheralsFunctionality.java:56)
at sun.reflect.NativeMethodAccessorImpl.invoke0(Native Method)
at sun.reflect.NativeMethodAccessorImpl.invoke(NativeMethodAccessorImpl.java:62)
at sun.reflect.DelegatingMethodAccessorImpl.invoke(DelegatingMethodAccessorImpl.java:43)
at java.lang.reflect.Method.invoke(Method.java:498)
at org.testng.internal.MethodInvocationHelper.invokeMethod(MethodInvocationHelper.java:124)
at org.testng.internal.Invoker.invokeMethod(Invoker.java:583)
at org.testng.internal.Invoker.invokeTestMethod(Invoker.java:719)
at org.testng.internal.Invoker.invokeTestMethods(Invoker.java:989)
at org.testng.internal.TestMethodWorker.invokeTestMethods(TestMethodWorker.java:125)
at org.testng.internal.TestMethodWorker.run(TestMethodWorker.java:109)
at org.testng.TestRunner.privateRun(TestRunner.java:648)
at org.testng.TestRunner.run(TestRunner.java:505)
at org.testng.SuiteRunner.runTest(SuiteRunner.java:455)
at org.testng.SuiteRunner.access$000(SuiteRunner.java:40)
at org.testng.SuiteRunner$SuiteWorker.run(SuiteRunner.java:489)
at org.testng.internal.thread.ThreadUtil$1.call(ThreadUtil.java:52)
at java.util.concurrent.FutureTask.run(FutureTask.java:266)
at java.util.concurrent.ThreadPoolExecutor.runWorker(ThreadPoolExecutor.java:1149)
at java.util.concurrent.ThreadPoolExecutor$Worker.run(ThreadPoolExecutor.java:624)
at java.lang.Thread.run(Thread.java:748)
]]>
            </full-stacktrace>
          </exception> <!-- java.lang.NullPointerException -->
          <reporter-output>
          </reporter-output>
        </test-method> <!-- productDetailsVerify -->
        <test-method status="PASS" signature="endClass()[pri:0, instance:com.konakart.KonakartParallelTesting.testscripts.ComuterPeripheralsFunctionality@3632be31]" name="endClass" is-config="true" duration-ms="1366" started-at="2019-10-22T15:42:59Z" finished-at="2019-10-22T15:43:00Z">
          <reporter-output>
          </reporter-output>
        </test-method> <!-- endClass -->
      </class> <!-- com.konakart.KonakartParallelTesting.testscripts.ComuterPeripheralsFunctionality -->
      <class name="com.konakart.KonakartParallelTesting.testscripts.HomePageSearchBoxFunctionality">
        <test-method status="PASS" signature="intitailizeBrowser(java.lang.String)[pri:0, instance:com.konakart.KonakartParallelTesting.testscripts.HomePageSearchBoxFunctionality@6fc6f14e]" name="intitailizeBrowser" is-config="true" duration-ms="24994" started-at="2019-10-22T15:40:53Z" finished-at="2019-10-22T15:41:18Z">
          <params>
            <param index="0">
              <value>
                <![CDATA[chrome]]>
              </value>
            </param>
          </params>
          <reporter-output>
          </reporter-output>
        </test-method> <!-- intitailizeBrowser -->
        <test-method status="PASS" signature="searchBox([Ljava.lang.String;)[pri:1, instance:com.konakart.KonakartParallelTesting.testscripts.HomePageSearchBoxFunctionality@6fc6f14e]" name="searchBox" duration-ms="10350" started-at="2019-10-22T15:41:18Z" data-provider="searchbox" finished-at="2019-10-22T15:41:28Z">
          <params>
            <param index="0">
              <value>
                <![CDATA[[Ljava.lang.String;@2a1b3e28]]>
              </value>
            </param>
          </params>
          <reporter-output>
          </reporter-output>
        </test-method> <!-- searchBox -->
        <test-method status="PASS" signature="endClass()[pri:0, instance:com.konakart.KonakartParallelTesting.testscripts.HomePageSearchBoxFunctionality@6fc6f14e]" name="endClass" is-config="true" duration-ms="1535" started-at="2019-10-22T15:41:28Z" finished-at="2019-10-22T15:41:30Z">
          <reporter-output>
          </reporter-output>
        </test-method> <!-- endClass -->
      </class> <!-- com.konakart.KonakartParallelTesting.testscripts.HomePageSearchBoxFunctionality -->
      <class name="com.konakart.KonakartParallelTesting.testscripts.PriceSlideBarFunctionality">
        <test-method status="PASS" signature="intitailizeBrowser(java.lang.String)[pri:0, instance:com.konakart.KonakartParallelTesting.testscripts.PriceSlideBarFunctionality@5abca1e0]" name="intitailizeBrowser" is-config="true" duration-ms="20145" started-at="2019-10-22T15:43:00Z" finished-at="2019-10-22T15:43:20Z">
          <params>
            <param index="0">
              <value>
                <![CDATA[chrome]]>
              </value>
            </param>
          </params>
          <reporter-output>
          </reporter-output>
        </test-method> <!-- intitailizeBrowser -->
        <test-method status="FAIL" signature="priceSlideBar(java.lang.String)[pri:9, instance:com.konakart.KonakartParallelTesting.testscripts.PriceSlideBarFunctionality@5abca1e0]" name="priceSlideBar" duration-ms="37144" started-at="2019-10-22T15:43:20Z" data-provider="priceslidebar" finished-at="2019-10-22T15:43:57Z">
          <params>
            <param index="0">
              <value>
                <![CDATA[25]]>
              </value>
            </param>
          </params>
          <exception class="java.lang.NullPointerException">
            <full-stacktrace>
              <![CDATA[java.lang.NullPointerException
at com.konakart.KonakartParallelTesting.extentreports.ExtentReport.messagePrint(ExtentReport.java:110)
at com.konakart.KonakartParallelTesting.pages.PriceSlideBar.priceValidation(PriceSlideBar.java:68)
at com.konakart.KonakartParallelTesting.testscripts.PriceSlideBarFunctionality.priceSlideBar(PriceSlideBarFunctionality.java:24)
at sun.reflect.NativeMethodAccessorImpl.invoke0(Native Method)
at sun.reflect.NativeMethodAccessorImpl.invoke(NativeMethodAccessorImpl.java:62)
at sun.reflect.DelegatingMethodAccessorImpl.invoke(DelegatingMethodAccessorImpl.java:43)
at java.lang.reflect.Method.invoke(Method.java:498)
at org.testng.internal.MethodInvocationHelper.invokeMethod(MethodInvocationHelper.java:124)
at org.testng.internal.Invoker.invokeMethod(Invoker.java:583)
at org.testng.internal.Invoker.invokeTestMethod(Invoker.java:719)
at org.testng.internal.Invoker.invokeTestMethods(Invoker.java:989)
at org.testng.internal.TestMethodWorker.invokeTestMethods(TestMethodWorker.java:125)
at org.testng.internal.TestMethodWorker.run(TestMethodWorker.java:109)
at org.testng.TestRunner.privateRun(TestRunner.java:648)
at org.testng.TestRunner.run(TestRunner.java:505)
at org.testng.SuiteRunner.runTest(SuiteRunner.java:455)
at org.testng.SuiteRunner.access$000(SuiteRunner.java:40)
at org.testng.SuiteRunner$SuiteWorker.run(SuiteRunner.java:489)
at org.testng.internal.thread.ThreadUtil$1.call(ThreadUtil.java:52)
at java.util.concurrent.FutureTask.run(FutureTask.java:266)
at java.util.concurrent.ThreadPoolExecutor.runWorker(ThreadPoolExecutor.java:1149)
at java.util.concurrent.ThreadPoolExecutor$Worker.run(ThreadPoolExecutor.java:624)
at java.lang.Thread.run(Thread.java:748)
]]>
            </full-stacktrace>
          </exception> <!-- java.lang.NullPointerException -->
          <reporter-output>
          </reporter-output>
        </test-method> <!-- priceSlideBar -->
        <test-method status="FAIL" signature="priceSlideBar(java.lang.String)[pri:9, instance:com.konakart.KonakartParallelTesting.testscripts.PriceSlideBarFunctionality@5abca1e0]" name="priceSlideBar" duration-ms="6981" started-at="2019-10-22T15:43:57Z" data-provider="priceslidebar" finished-at="2019-10-22T15:44:04Z">
          <params>
            <param index="0">
              <value>
                <![CDATA[50]]>
              </value>
            </param>
          </params>
          <exception class="java.lang.NullPointerException">
            <full-stacktrace>
              <![CDATA[java.lang.NullPointerException
at com.konakart.KonakartParallelTesting.extentreports.ExtentReport.messagePrint(ExtentReport.java:110)
at com.konakart.KonakartParallelTesting.pages.PriceSlideBar.priceValidation(PriceSlideBar.java:68)
at com.konakart.KonakartParallelTesting.testscripts.PriceSlideBarFunctionality.priceSlideBar(PriceSlideBarFunctionality.java:24)
at sun.reflect.NativeMethodAccessorImpl.invoke0(Native Method)
at sun.reflect.NativeMethodAccessorImpl.invoke(NativeMethodAccessorImpl.java:62)
at sun.reflect.DelegatingMethodAccessorImpl.invoke(DelegatingMethodAccessorImpl.java:43)
at java.lang.reflect.Method.invoke(Method.java:498)
at org.testng.internal.MethodInvocationHelper.invokeMethod(MethodInvocationHelper.java:124)
at org.testng.internal.Invoker.invokeMethod(Invoker.java:583)
at org.testng.internal.Invoker.invokeTestMethod(Invoker.java:719)
at org.testng.internal.Invoker.invokeTestMethods(Invoker.java:989)
at org.testng.internal.TestMethodWorker.invokeTestMethods(TestMethodWorker.java:125)
at org.testng.internal.TestMethodWorker.run(TestMethodWorker.java:109)
at org.testng.TestRunner.privateRun(TestRunner.java:648)
at org.testng.TestRunner.run(TestRunner.java:505)
at org.testng.SuiteRunner.runTest(SuiteRunner.java:455)
at org.testng.SuiteRunner.access$000(SuiteRunner.java:40)
at org.testng.SuiteRunner$SuiteWorker.run(SuiteRunner.java:489)
at org.testng.internal.thread.ThreadUtil$1.call(ThreadUtil.java:52)
at java.util.concurrent.FutureTask.run(FutureTask.java:266)
at java.util.concurrent.ThreadPoolExecutor.runWorker(ThreadPoolExecutor.java:1149)
at java.util.concurrent.ThreadPoolExecutor$Worker.run(ThreadPoolExecutor.java:624)
at java.lang.Thread.run(Thread.java:748)
]]>
            </full-stacktrace>
          </exception> <!-- java.lang.NullPointerException -->
          <reporter-output>
          </reporter-output>
        </test-method> <!-- priceSlideBar -->
        <test-method status="FAIL" signature="priceSlideBar(java.lang.String)[pri:9, instance:com.konakart.KonakartParallelTesting.testscripts.PriceSlideBarFunctionality@5abca1e0]" name="priceSlideBar" duration-ms="7387" started-at="2019-10-22T15:44:04Z" data-provider="priceslidebar" finished-at="2019-10-22T15:44:12Z">
          <params>
            <param index="0">
              <value>
                <![CDATA[75]]>
              </value>
            </param>
          </params>
          <exception class="java.lang.NullPointerException">
            <full-stacktrace>
              <![CDATA[java.lang.NullPointerException
at com.konakart.KonakartParallelTesting.extentreports.ExtentReport.messagePrint(ExtentReport.java:110)
at com.konakart.KonakartParallelTesting.pages.PriceSlideBar.priceValidation(PriceSlideBar.java:68)
at com.konakart.KonakartParallelTesting.testscripts.PriceSlideBarFunctionality.priceSlideBar(PriceSlideBarFunctionality.java:24)
at sun.reflect.NativeMethodAccessorImpl.invoke0(Native Method)
at sun.reflect.NativeMethodAccessorImpl.invoke(NativeMethodAccessorImpl.java:62)
at sun.reflect.DelegatingMethodAccessorImpl.invoke(DelegatingMethodAccessorImpl.java:43)
at java.lang.reflect.Method.invoke(Method.java:498)
at org.testng.internal.MethodInvocationHelper.invokeMethod(MethodInvocationHelper.java:124)
at org.testng.internal.Invoker.invokeMethod(Invoker.java:583)
at org.testng.internal.Invoker.invokeTestMethod(Invoker.java:719)
at org.testng.internal.Invoker.invokeTestMethods(Invoker.java:989)
at org.testng.internal.TestMethodWorker.invokeTestMethods(TestMethodWorker.java:125)
at org.testng.internal.TestMethodWorker.run(TestMethodWorker.java:109)
at org.testng.TestRunner.privateRun(TestRunner.java:648)
at org.testng.TestRunner.run(TestRunner.java:505)
at org.testng.SuiteRunner.runTest(SuiteRunner.java:455)
at org.testng.SuiteRunner.access$000(SuiteRunner.java:40)
at org.testng.SuiteRunner$SuiteWorker.run(SuiteRunner.java:489)
at org.testng.internal.thread.ThreadUtil$1.call(ThreadUtil.java:52)
at java.util.concurrent.FutureTask.run(FutureTask.java:266)
at java.util.concurrent.ThreadPoolExecutor.runWorker(ThreadPoolExecutor.java:1149)
at java.util.concurrent.ThreadPoolExecutor$Worker.run(ThreadPoolExecutor.java:624)
at java.lang.Thread.run(Thread.java:748)
]]>
            </full-stacktrace>
          </exception> <!-- java.lang.NullPointerException -->
          <reporter-output>
          </reporter-output>
        </test-method> <!-- priceSlideBar -->
        <test-method status="FAIL" signature="priceSlideBar(java.lang.String)[pri:9, instance:com.konakart.KonakartParallelTesting.testscripts.PriceSlideBarFunctionality@5abca1e0]" name="priceSlideBar" duration-ms="6952" started-at="2019-10-22T15:44:12Z" data-provider="priceslidebar" finished-at="2019-10-22T15:44:19Z">
          <params>
            <param index="0">
              <value>
                <![CDATA[100]]>
              </value>
            </param>
          </params>
          <exception class="java.lang.NullPointerException">
            <full-stacktrace>
              <![CDATA[java.lang.NullPointerException
at com.konakart.KonakartParallelTesting.extentreports.ExtentReport.messagePrint(ExtentReport.java:110)
at com.konakart.KonakartParallelTesting.pages.PriceSlideBar.priceValidation(PriceSlideBar.java:68)
at com.konakart.KonakartParallelTesting.testscripts.PriceSlideBarFunctionality.priceSlideBar(PriceSlideBarFunctionality.java:24)
at sun.reflect.NativeMethodAccessorImpl.invoke0(Native Method)
at sun.reflect.NativeMethodAccessorImpl.invoke(NativeMethodAccessorImpl.java:62)
at sun.reflect.DelegatingMethodAccessorImpl.invoke(DelegatingMethodAccessorImpl.java:43)
at java.lang.reflect.Method.invoke(Method.java:498)
at org.testng.internal.MethodInvocationHelper.invokeMethod(MethodInvocationHelper.java:124)
at org.testng.internal.Invoker.invokeMethod(Invoker.java:583)
at org.testng.internal.Invoker.invokeTestMethod(Invoker.java:719)
at org.testng.internal.Invoker.invokeTestMethods(Invoker.java:989)
at org.testng.internal.TestMethodWorker.invokeTestMethods(TestMethodWorker.java:125)
at org.testng.internal.TestMethodWorker.run(TestMethodWorker.java:109)
at org.testng.TestRunner.privateRun(TestRunner.java:648)
at org.testng.TestRunner.run(TestRunner.java:505)
at org.testng.SuiteRunner.runTest(SuiteRunner.java:455)
at org.testng.SuiteRunner.access$000(SuiteRunner.java:40)
at org.testng.SuiteRunner$SuiteWorker.run(SuiteRunner.java:489)
at org.testng.internal.thread.ThreadUtil$1.call(ThreadUtil.java:52)
at java.util.concurrent.FutureTask.run(FutureTask.java:266)
at java.util.concurrent.ThreadPoolExecutor.runWorker(ThreadPoolExecutor.java:1149)
at java.util.concurrent.ThreadPoolExecutor$Worker.run(ThreadPoolExecutor.java:624)
at java.lang.Thread.run(Thread.java:748)
]]>
            </full-stacktrace>
          </exception> <!-- java.lang.NullPointerException -->
          <reporter-output>
          </reporter-output>
        </test-method> <!-- priceSlideBar -->
        <test-method status="PASS" signature="endClass()[pri:0, instance:com.konakart.KonakartParallelTesting.testscripts.PriceSlideBarFunctionality@5abca1e0]" name="endClass" is-config="true" duration-ms="1001" started-at="2019-10-22T15:44:19Z" finished-at="2019-10-22T15:44:20Z">
          <reporter-output>
          </reporter-output>
        </test-method> <!-- endClass -->
      </class> <!-- com.konakart.KonakartParallelTesting.testscripts.PriceSlideBarFunctionality -->
      <class name="com.konakart.KonakartParallelTesting.testscripts.HeroImageFunctionality">
        <test-method status="PASS" signature="intitailizeBrowser(java.lang.String)[pri:0, instance:com.konakart.KonakartParallelTesting.testscripts.HeroImageFunctionality@56235b8e]" name="intitailizeBrowser" is-config="true" duration-ms="21989" started-at="2019-10-22T15:41:30Z" finished-at="2019-10-22T15:41:52Z">
          <params>
            <param index="0">
              <value>
                <![CDATA[chrome]]>
              </value>
            </param>
          </params>
          <reporter-output>
          </reporter-output>
        </test-method> <!-- intitailizeBrowser -->
        <test-method status="PASS" signature="heroImageSelect()[pri:2, instance:com.konakart.KonakartParallelTesting.testscripts.HeroImageFunctionality@56235b8e]" name="heroImageSelect" duration-ms="7327" started-at="2019-10-22T15:41:52Z" finished-at="2019-10-22T15:41:59Z">
          <reporter-output>
          </reporter-output>
        </test-method> <!-- heroImageSelect -->
        <test-method status="FAIL" signature="heroImgContent([Ljava.lang.String;)[pri:3, instance:com.konakart.KonakartParallelTesting.testscripts.HeroImageFunctionality@56235b8e]" name="heroImgContent" duration-ms="532" started-at="2019-10-22T15:41:59Z" data-provider="heroimage" finished-at="2019-10-22T15:42:00Z">
          <params>
            <param index="0">
              <value>
                <![CDATA[[Ljava.lang.String;@1e163f1e]]>
              </value>
            </param>
          </params>
          <exception class="java.lang.NullPointerException">
            <full-stacktrace>
              <![CDATA[java.lang.NullPointerException
at com.konakart.KonakartParallelTesting.extentreports.ExtentReport.messagePrint(ExtentReport.java:110)
at com.konakart.KonakartParallelTesting.pages.HeroImageFunction.pageDescriptionvalidation(HeroImageFunction.java:82)
at com.konakart.KonakartParallelTesting.pages.HeroImageFunction.heroImgContentValidation(HeroImageFunction.java:46)
at com.konakart.KonakartParallelTesting.testscripts.HeroImageFunctionality.heroImgContent(HeroImageFunctionality.java:34)
at sun.reflect.NativeMethodAccessorImpl.invoke0(Native Method)
at sun.reflect.NativeMethodAccessorImpl.invoke(NativeMethodAccessorImpl.java:62)
at sun.reflect.DelegatingMethodAccessorImpl.invoke(DelegatingMethodAccessorImpl.java:43)
at java.lang.reflect.Method.invoke(Method.java:498)
at org.testng.internal.MethodInvocationHelper.invokeMethod(MethodInvocationHelper.java:124)
at org.testng.internal.Invoker.invokeMethod(Invoker.java:583)
at org.testng.internal.Invoker.invokeTestMethod(Invoker.java:719)
at org.testng.internal.Invoker.invokeTestMethods(Invoker.java:989)
at org.testng.internal.TestMethodWorker.invokeTestMethods(TestMethodWorker.java:125)
at org.testng.internal.TestMethodWorker.run(TestMethodWorker.java:109)
at org.testng.TestRunner.privateRun(TestRunner.java:648)
at org.testng.TestRunner.run(TestRunner.java:505)
at org.testng.SuiteRunner.runTest(SuiteRunner.java:455)
at org.testng.SuiteRunner.access$000(SuiteRunner.java:40)
at org.testng.SuiteRunner$SuiteWorker.run(SuiteRunner.java:489)
at org.testng.internal.thread.ThreadUtil$1.call(ThreadUtil.java:52)
at java.util.concurrent.FutureTask.run(FutureTask.java:266)
at java.util.concurrent.ThreadPoolExecutor.runWorker(ThreadPoolExecutor.java:1149)
at java.util.concurrent.ThreadPoolExecutor$Worker.run(ThreadPoolExecutor.java:624)
at java.lang.Thread.run(Thread.java:748)
]]>
            </full-stacktrace>
          </exception> <!-- java.lang.NullPointerException -->
          <reporter-output>
          </reporter-output>
        </test-method> <!-- heroImgContent -->
        <test-method status="PASS" signature="heroImgContent([Ljava.lang.String;)[pri:3, instance:com.konakart.KonakartParallelTesting.testscripts.HeroImageFunctionality@56235b8e]" name="heroImgContent" duration-ms="58" started-at="2019-10-22T15:42:00Z" data-provider="heroimage" finished-at="2019-10-22T15:42:00Z">
          <params>
            <param index="0">
              <value>
                <![CDATA[[Ljava.lang.String;@1630f079]]>
              </value>
            </param>
          </params>
          <reporter-output>
          </reporter-output>
        </test-method> <!-- heroImgContent -->
        <test-method status="FAIL" signature="heroImgSortingDateFunctionality([Ljava.lang.String;)[pri:4, instance:com.konakart.KonakartParallelTesting.testscripts.HeroImageFunctionality@56235b8e]" name="heroImgSortingDateFunctionality" duration-ms="6231" started-at="2019-10-22T15:42:00Z" data-provider="reviewdropdown" finished-at="2019-10-22T15:42:06Z">
          <params>
            <param index="0">
              <value>
                <![CDATA[[Ljava.lang.String;@353c5cd2]]>
              </value>
            </param>
          </params>
          <exception class="java.lang.ArrayIndexOutOfBoundsException">
            <message>
              <![CDATA[1]]>
            </message>
            <full-stacktrace>
              <![CDATA[java.lang.ArrayIndexOutOfBoundsException: 1
at com.konakart.KonakartParallelTesting.pages.HeroImageFunction.sortingDateValidation(HeroImageFunction.java:107)
at com.konakart.KonakartParallelTesting.testscripts.HeroImageFunctionality.heroImgSortingDateFunctionality(HeroImageFunctionality.java:43)
at sun.reflect.NativeMethodAccessorImpl.invoke0(Native Method)
at sun.reflect.NativeMethodAccessorImpl.invoke(NativeMethodAccessorImpl.java:62)
at sun.reflect.DelegatingMethodAccessorImpl.invoke(DelegatingMethodAccessorImpl.java:43)
at java.lang.reflect.Method.invoke(Method.java:498)
at org.testng.internal.MethodInvocationHelper.invokeMethod(MethodInvocationHelper.java:124)
at org.testng.internal.Invoker.invokeMethod(Invoker.java:583)
at org.testng.internal.Invoker.invokeTestMethod(Invoker.java:719)
at org.testng.internal.Invoker.invokeTestMethods(Invoker.java:989)
at org.testng.internal.TestMethodWorker.invokeTestMethods(TestMethodWorker.java:125)
at org.testng.internal.TestMethodWorker.run(TestMethodWorker.java:109)
at org.testng.TestRunner.privateRun(TestRunner.java:648)
at org.testng.TestRunner.run(TestRunner.java:505)
at org.testng.SuiteRunner.runTest(SuiteRunner.java:455)
at org.testng.SuiteRunner.access$000(SuiteRunner.java:40)
at org.testng.SuiteRunner$SuiteWorker.run(SuiteRunner.java:489)
at org.testng.internal.thread.ThreadUtil$1.call(ThreadUtil.java:52)
at java.util.concurrent.FutureTask.run(FutureTask.java:266)
at java.util.concurrent.ThreadPoolExecutor.runWorker(ThreadPoolExecutor.java:1149)
at java.util.concurrent.ThreadPoolExecutor$Worker.run(ThreadPoolExecutor.java:624)
at java.lang.Thread.run(Thread.java:748)
]]>
            </full-stacktrace>
          </exception> <!-- java.lang.ArrayIndexOutOfBoundsException -->
          <reporter-output>
          </reporter-output>
        </test-method> <!-- heroImgSortingDateFunctionality -->
        <test-method status="PASS" signature="heroImgSortingRatingFunctionality([Ljava.lang.String;)[pri:5, instance:com.konakart.KonakartParallelTesting.testscripts.HeroImageFunctionality@56235b8e]" name="heroImgSortingRatingFunctionality" duration-ms="13381" started-at="2019-10-22T15:42:06Z" data-provider="reviewdropdown" finished-at="2019-10-22T15:42:20Z">
          <params>
            <param index="0">
              <value>
                <![CDATA[[Ljava.lang.String;@125588f9]]>
              </value>
            </param>
          </params>
          <reporter-output>
          </reporter-output>
        </test-method> <!-- heroImgSortingRatingFunctionality -->
        <test-method status="PASS" signature="endClass()[pri:0, instance:com.konakart.KonakartParallelTesting.testscripts.HeroImageFunctionality@56235b8e]" name="endClass" is-config="true" duration-ms="1416" started-at="2019-10-22T15:42:20Z" finished-at="2019-10-22T15:42:21Z">
          <reporter-output>
          </reporter-output>
        </test-method> <!-- endClass -->
      </class> <!-- com.konakart.KonakartParallelTesting.testscripts.HeroImageFunctionality -->
    </test> <!-- Test validate in chrome -->
    <test name="Test validate in internet explorer" duration-ms="353814" started-at="2019-10-22T15:40:53Z" finished-at="2019-10-22T15:46:47Z">
      <class name="com.konakart.KonakartParallelTesting.testscripts.ComuterPeripheralsFunctionality">
        <test-method status="PASS" signature="intitailizeBrowser(java.lang.String)[pri:0, instance:com.konakart.KonakartParallelTesting.testscripts.ComuterPeripheralsFunctionality@67784306]" name="intitailizeBrowser" is-config="true" duration-ms="7740" started-at="2019-10-22T15:43:17Z" finished-at="2019-10-22T15:43:25Z">
          <params>
            <param index="0">
              <value>
                <![CDATA[internet explorer]]>
              </value>
            </param>
          </params>
          <reporter-output>
          </reporter-output>
        </test-method> <!-- intitailizeBrowser -->
        <test-method status="FAIL" signature="searchBoxWithoutSearchOption([Ljava.lang.String;)[pri:6, instance:com.konakart.KonakartParallelTesting.testscripts.ComuterPeripheralsFunctionality@67784306]" name="searchBoxWithoutSearchOption" duration-ms="77732" started-at="2019-10-22T15:43:25Z" data-provider="graphicsoption" finished-at="2019-10-22T15:44:43Z">
          <params>
            <param index="0">
              <value>
                <![CDATA[[Ljava.lang.String;@2cc4b6f0]]>
              </value>
            </param>
          </params>
          <exception class="java.lang.NullPointerException">
            <full-stacktrace>
              <![CDATA[java.lang.NullPointerException
at com.konakart.KonakartParallelTesting.extentreports.ExtentReport.messagePrint(ExtentReport.java:110)
at com.konakart.KonakartParallelTesting.pages.ComputerperipheralFunction.erroMsgValidation(ComputerperipheralFunction.java:40)
at com.konakart.KonakartParallelTesting.testscripts.ComuterPeripheralsFunctionality.searchBoxWithoutSearchOption(ComuterPeripheralsFunctionality.java:33)
at sun.reflect.NativeMethodAccessorImpl.invoke0(Native Method)
at sun.reflect.NativeMethodAccessorImpl.invoke(NativeMethodAccessorImpl.java:62)
at sun.reflect.DelegatingMethodAccessorImpl.invoke(DelegatingMethodAccessorImpl.java:43)
at java.lang.reflect.Method.invoke(Method.java:498)
at org.testng.internal.MethodInvocationHelper.invokeMethod(MethodInvocationHelper.java:124)
at org.testng.internal.Invoker.invokeMethod(Invoker.java:583)
at org.testng.internal.Invoker.invokeTestMethod(Invoker.java:719)
at org.testng.internal.Invoker.invokeTestMethods(Invoker.java:989)
at org.testng.internal.TestMethodWorker.invokeTestMethods(TestMethodWorker.java:125)
at org.testng.internal.TestMethodWorker.run(TestMethodWorker.java:109)
at org.testng.TestRunner.privateRun(TestRunner.java:648)
at org.testng.TestRunner.run(TestRunner.java:505)
at org.testng.SuiteRunner.runTest(SuiteRunner.java:455)
at org.testng.SuiteRunner.access$000(SuiteRunner.java:40)
at org.testng.SuiteRunner$SuiteWorker.run(SuiteRunner.java:489)
at org.testng.internal.thread.ThreadUtil$1.call(ThreadUtil.java:52)
at java.util.concurrent.FutureTask.run(FutureTask.java:266)
at java.util.concurrent.ThreadPoolExecutor.runWorker(ThreadPoolExecutor.java:1149)
at java.util.concurrent.ThreadPoolExecutor$Worker.run(ThreadPoolExecutor.java:624)
at java.lang.Thread.run(Thread.java:748)
]]>
            </full-stacktrace>
          </exception> <!-- java.lang.NullPointerException -->
          <reporter-output>
          </reporter-output>
        </test-method> <!-- searchBoxWithoutSearchOption -->
        <test-method status="PASS" signature="searchBoxWithSearchOption([Ljava.lang.String;)[pri:7, instance:com.konakart.KonakartParallelTesting.testscripts.ComuterPeripheralsFunctionality@67784306]" name="searchBoxWithSearchOption" duration-ms="82183" started-at="2019-10-22T15:44:43Z" data-provider="graphicsoption" finished-at="2019-10-22T15:46:05Z">
          <params>
            <param index="0">
              <value>
                <![CDATA[[Ljava.lang.String;@612496ca]]>
              </value>
            </param>
          </params>
          <reporter-output>
          </reporter-output>
        </test-method> <!-- searchBoxWithSearchOption -->
        <test-method status="FAIL" signature="productDetailsVerify([Ljava.lang.String;)[pri:8, instance:com.konakart.KonakartParallelTesting.testscripts.ComuterPeripheralsFunctionality@67784306]" name="productDetailsVerify" duration-ms="1110" started-at="2019-10-22T15:46:05Z" data-provider="product details" finished-at="2019-10-22T15:46:06Z">
          <params>
            <param index="0">
              <value>
                <![CDATA[[Ljava.lang.String;@520bb0c1]]>
              </value>
            </param>
          </params>
          <exception class="java.lang.NullPointerException">
            <full-stacktrace>
              <![CDATA[java.lang.NullPointerException
at com.konakart.KonakartParallelTesting.extentreports.ExtentReport.messagePrint(ExtentReport.java:110)
at com.konakart.KonakartParallelTesting.pages.ComputerperipheralFunction.productValidation(ComputerperipheralFunction.java:59)
at com.konakart.KonakartParallelTesting.testscripts.ComuterPeripheralsFunctionality.productDetailsVerify(ComuterPeripheralsFunctionality.java:56)
at sun.reflect.NativeMethodAccessorImpl.invoke0(Native Method)
at sun.reflect.NativeMethodAccessorImpl.invoke(NativeMethodAccessorImpl.java:62)
at sun.reflect.DelegatingMethodAccessorImpl.invoke(DelegatingMethodAccessorImpl.java:43)
at java.lang.reflect.Method.invoke(Method.java:498)
at org.testng.internal.MethodInvocationHelper.invokeMethod(MethodInvocationHelper.java:124)
at org.testng.internal.Invoker.invokeMethod(Invoker.java:583)
at org.testng.internal.Invoker.invokeTestMethod(Invoker.java:719)
at org.testng.internal.Invoker.invokeTestMethods(Invoker.java:989)
at org.testng.internal.TestMethodWorker.invokeTestMethods(TestMethodWorker.java:125)
at org.testng.internal.TestMethodWorker.run(TestMethodWorker.java:109)
at org.testng.TestRunner.privateRun(TestRunner.java:648)
at org.testng.TestRunner.run(TestRunner.java:505)
at org.testng.SuiteRunner.runTest(SuiteRunner.java:455)
at org.testng.SuiteRunner.access$000(SuiteRunner.java:40)
at org.testng.SuiteRunner$SuiteWorker.run(SuiteRunner.java:489)
at org.testng.internal.thread.ThreadUtil$1.call(ThreadUtil.java:52)
at java.util.concurrent.FutureTask.run(FutureTask.java:266)
at java.util.concurrent.ThreadPoolExecutor.runWorker(ThreadPoolExecutor.java:1149)
at java.util.concurrent.ThreadPoolExecutor$Worker.run(ThreadPoolExecutor.java:624)
at java.lang.Thread.run(Thread.java:748)
]]>
            </full-stacktrace>
          </exception> <!-- java.lang.NullPointerException -->
          <reporter-output>
          </reporter-output>
        </test-method> <!-- productDetailsVerify -->
        <test-method status="PASS" signature="endClass()[pri:0, instance:com.konakart.KonakartParallelTesting.testscripts.ComuterPeripheralsFunctionality@67784306]" name="endClass" is-config="true" duration-ms="601" started-at="2019-10-22T15:46:06Z" finished-at="2019-10-22T15:46:07Z">
          <reporter-output>
          </reporter-output>
        </test-method> <!-- endClass -->
      </class> <!-- com.konakart.KonakartParallelTesting.testscripts.ComuterPeripheralsFunctionality -->
      <class name="com.konakart.KonakartParallelTesting.testscripts.HomePageSearchBoxFunctionality">
        <test-method status="PASS" signature="intitailizeBrowser(java.lang.String)[pri:0, instance:com.konakart.KonakartParallelTesting.testscripts.HomePageSearchBoxFunctionality@6f1fba17]" name="intitailizeBrowser" is-config="true" duration-ms="7312" started-at="2019-10-22T15:40:53Z" finished-at="2019-10-22T15:41:00Z">
          <params>
            <param index="0">
              <value>
                <![CDATA[internet explorer]]>
              </value>
            </param>
          </params>
          <reporter-output>
          </reporter-output>
        </test-method> <!-- intitailizeBrowser -->
        <test-method status="FAIL" signature="searchBox([Ljava.lang.String;)[pri:1, instance:com.konakart.KonakartParallelTesting.testscripts.HomePageSearchBoxFunctionality@6f1fba17]" name="searchBox" duration-ms="70454" started-at="2019-10-22T15:41:06Z" data-provider="searchbox" finished-at="2019-10-22T15:42:16Z">
          <params>
            <param index="0">
              <value>
                <![CDATA[[Ljava.lang.String;@69b544c0]]>
              </value>
            </param>
          </params>
          <exception class="java.lang.AssertionError">
            <message>
              <![CDATA[Product title validationfailed expected [Bundle Saver] but found [Westclox 32042r Retro 1950 Kitchen Wall Clock 9.5-inch Red]]]>
            </message>
            <full-stacktrace>
              <![CDATA[java.lang.AssertionError: Product title validationfailed expected [Bundle Saver] but found [Westclox 32042r Retro 1950 Kitchen Wall Clock 9.5-inch Red]
at org.testng.Assert.fail(Assert.java:96)
at org.testng.Assert.failNotEquals(Assert.java:776)
at org.testng.Assert.assertEqualsImpl(Assert.java:137)
at org.testng.Assert.assertEquals(Assert.java:118)
at org.testng.Assert.assertEquals(Assert.java:453)
at com.konakart.KonakartParallelTesting.pages.SearchBoxFunction.validateProduct(SearchBoxFunction.java:66)
at com.konakart.KonakartParallelTesting.testscripts.HomePageSearchBoxFunctionality.searchBox(HomePageSearchBoxFunctionality.java:30)
at sun.reflect.NativeMethodAccessorImpl.invoke0(Native Method)
at sun.reflect.NativeMethodAccessorImpl.invoke(NativeMethodAccessorImpl.java:62)
at sun.reflect.DelegatingMethodAccessorImpl.invoke(DelegatingMethodAccessorImpl.java:43)
at java.lang.reflect.Method.invoke(Method.java:498)
at org.testng.internal.MethodInvocationHelper.invokeMethod(MethodInvocationHelper.java:124)
at org.testng.internal.Invoker.invokeMethod(Invoker.java:583)
at org.testng.internal.Invoker.invokeTestMethod(Invoker.java:719)
at org.testng.internal.Invoker.invokeTestMethods(Invoker.java:989)
at org.testng.internal.TestMethodWorker.invokeTestMethods(TestMethodWorker.java:125)
at org.testng.internal.TestMethodWorker.run(TestMethodWorker.java:109)
at org.testng.TestRunner.privateRun(TestRunner.java:648)
at org.testng.TestRunner.run(TestRunner.java:505)
at org.testng.SuiteRunner.runTest(SuiteRunner.java:455)
at org.testng.SuiteRunner.access$000(SuiteRunner.java:40)
at org.testng.SuiteRunner$SuiteWorker.run(SuiteRunner.java:489)
at org.testng.internal.thread.ThreadUtil$1.call(ThreadUtil.java:52)
at java.util.concurrent.FutureTask.run(FutureTask.java:266)
at java.util.concurrent.ThreadPoolExecutor.runWorker(ThreadPoolExecutor.java:1149)
at java.util.concurrent.ThreadPoolExecutor$Worker.run(ThreadPoolExecutor.java:624)
at java.lang.Thread.run(Thread.java:748)
]]>
            </full-stacktrace>
          </exception> <!-- java.lang.AssertionError -->
          <reporter-output>
          </reporter-output>
        </test-method> <!-- searchBox -->
        <test-method status="PASS" signature="endClass()[pri:0, instance:com.konakart.KonakartParallelTesting.testscripts.HomePageSearchBoxFunctionality@6f1fba17]" name="endClass" is-config="true" duration-ms="668" started-at="2019-10-22T15:42:16Z" finished-at="2019-10-22T15:42:17Z">
          <reporter-output>
          </reporter-output>
        </test-method> <!-- endClass -->
      </class> <!-- com.konakart.KonakartParallelTesting.testscripts.HomePageSearchBoxFunctionality -->
      <class name="com.konakart.KonakartParallelTesting.testscripts.PriceSlideBarFunctionality">
        <test-method status="PASS" signature="intitailizeBrowser(java.lang.String)[pri:0, instance:com.konakart.KonakartParallelTesting.testscripts.PriceSlideBarFunctionality@335eadca]" name="intitailizeBrowser" is-config="true" duration-ms="4234" started-at="2019-10-22T15:46:07Z" finished-at="2019-10-22T15:46:11Z">
          <params>
            <param index="0">
              <value>
                <![CDATA[internet explorer]]>
              </value>
            </param>
          </params>
          <reporter-output>
          </reporter-output>
        </test-method> <!-- intitailizeBrowser -->
        <test-method status="FAIL" signature="priceSlideBar(java.lang.String)[pri:9, instance:com.konakart.KonakartParallelTesting.testscripts.PriceSlideBarFunctionality@335eadca]" name="priceSlideBar" duration-ms="9474" started-at="2019-10-22T15:46:11Z" data-provider="priceslidebar" finished-at="2019-10-22T15:46:20Z">
          <params>
            <param index="0">
              <value>
                <![CDATA[25]]>
              </value>
            </param>
          </params>
          <exception class="java.lang.NullPointerException">
            <full-stacktrace>
              <![CDATA[java.lang.NullPointerException
at com.konakart.KonakartParallelTesting.extentreports.ExtentReport.messagePrint(ExtentReport.java:110)
at com.konakart.KonakartParallelTesting.pages.PriceSlideBar.priceValidation(PriceSlideBar.java:68)
at com.konakart.KonakartParallelTesting.testscripts.PriceSlideBarFunctionality.priceSlideBar(PriceSlideBarFunctionality.java:24)
at sun.reflect.NativeMethodAccessorImpl.invoke0(Native Method)
at sun.reflect.NativeMethodAccessorImpl.invoke(NativeMethodAccessorImpl.java:62)
at sun.reflect.DelegatingMethodAccessorImpl.invoke(DelegatingMethodAccessorImpl.java:43)
at java.lang.reflect.Method.invoke(Method.java:498)
at org.testng.internal.MethodInvocationHelper.invokeMethod(MethodInvocationHelper.java:124)
at org.testng.internal.Invoker.invokeMethod(Invoker.java:583)
at org.testng.internal.Invoker.invokeTestMethod(Invoker.java:719)
at org.testng.internal.Invoker.invokeTestMethods(Invoker.java:989)
at org.testng.internal.TestMethodWorker.invokeTestMethods(TestMethodWorker.java:125)
at org.testng.internal.TestMethodWorker.run(TestMethodWorker.java:109)
at org.testng.TestRunner.privateRun(TestRunner.java:648)
at org.testng.TestRunner.run(TestRunner.java:505)
at org.testng.SuiteRunner.runTest(SuiteRunner.java:455)
at org.testng.SuiteRunner.access$000(SuiteRunner.java:40)
at org.testng.SuiteRunner$SuiteWorker.run(SuiteRunner.java:489)
at org.testng.internal.thread.ThreadUtil$1.call(ThreadUtil.java:52)
at java.util.concurrent.FutureTask.run(FutureTask.java:266)
at java.util.concurrent.ThreadPoolExecutor.runWorker(ThreadPoolExecutor.java:1149)
at java.util.concurrent.ThreadPoolExecutor$Worker.run(ThreadPoolExecutor.java:624)
at java.lang.Thread.run(Thread.java:748)
]]>
            </full-stacktrace>
          </exception> <!-- java.lang.NullPointerException -->
          <reporter-output>
          </reporter-output>
        </test-method> <!-- priceSlideBar -->
        <test-method status="FAIL" signature="priceSlideBar(java.lang.String)[pri:9, instance:com.konakart.KonakartParallelTesting.testscripts.PriceSlideBarFunctionality@335eadca]" name="priceSlideBar" duration-ms="8371" started-at="2019-10-22T15:46:20Z" data-provider="priceslidebar" finished-at="2019-10-22T15:46:29Z">
          <params>
            <param index="0">
              <value>
                <![CDATA[50]]>
              </value>
            </param>
          </params>
          <exception class="java.lang.NullPointerException">
            <full-stacktrace>
              <![CDATA[java.lang.NullPointerException
at com.konakart.KonakartParallelTesting.extentreports.ExtentReport.messagePrint(ExtentReport.java:110)
at com.konakart.KonakartParallelTesting.pages.PriceSlideBar.priceValidation(PriceSlideBar.java:68)
at com.konakart.KonakartParallelTesting.testscripts.PriceSlideBarFunctionality.priceSlideBar(PriceSlideBarFunctionality.java:24)
at sun.reflect.NativeMethodAccessorImpl.invoke0(Native Method)
at sun.reflect.NativeMethodAccessorImpl.invoke(NativeMethodAccessorImpl.java:62)
at sun.reflect.DelegatingMethodAccessorImpl.invoke(DelegatingMethodAccessorImpl.java:43)
at java.lang.reflect.Method.invoke(Method.java:498)
at org.testng.internal.MethodInvocationHelper.invokeMethod(MethodInvocationHelper.java:124)
at org.testng.internal.Invoker.invokeMethod(Invoker.java:583)
at org.testng.internal.Invoker.invokeTestMethod(Invoker.java:719)
at org.testng.internal.Invoker.invokeTestMethods(Invoker.java:989)
at org.testng.internal.TestMethodWorker.invokeTestMethods(TestMethodWorker.java:125)
at org.testng.internal.TestMethodWorker.run(TestMethodWorker.java:109)
at org.testng.TestRunner.privateRun(TestRunner.java:648)
at org.testng.TestRunner.run(TestRunner.java:505)
at org.testng.SuiteRunner.runTest(SuiteRunner.java:455)
at org.testng.SuiteRunner.access$000(SuiteRunner.java:40)
at org.testng.SuiteRunner$SuiteWorker.run(SuiteRunner.java:489)
at org.testng.internal.thread.ThreadUtil$1.call(ThreadUtil.java:52)
at java.util.concurrent.FutureTask.run(FutureTask.java:266)
at java.util.concurrent.ThreadPoolExecutor.runWorker(ThreadPoolExecutor.java:1149)
at java.util.concurrent.ThreadPoolExecutor$Worker.run(ThreadPoolExecutor.java:624)
at java.lang.Thread.run(Thread.java:748)
]]>
            </full-stacktrace>
          </exception> <!-- java.lang.NullPointerException -->
          <reporter-output>
          </reporter-output>
        </test-method> <!-- priceSlideBar -->
        <test-method status="FAIL" signature="priceSlideBar(java.lang.String)[pri:9, instance:com.konakart.KonakartParallelTesting.testscripts.PriceSlideBarFunctionality@335eadca]" name="priceSlideBar" duration-ms="8308" started-at="2019-10-22T15:46:29Z" data-provider="priceslidebar" finished-at="2019-10-22T15:46:37Z">
          <params>
            <param index="0">
              <value>
                <![CDATA[75]]>
              </value>
            </param>
          </params>
          <exception class="java.lang.NullPointerException">
            <full-stacktrace>
              <![CDATA[java.lang.NullPointerException
at com.konakart.KonakartParallelTesting.extentreports.ExtentReport.messagePrint(ExtentReport.java:110)
at com.konakart.KonakartParallelTesting.pages.PriceSlideBar.priceValidation(PriceSlideBar.java:68)
at com.konakart.KonakartParallelTesting.testscripts.PriceSlideBarFunctionality.priceSlideBar(PriceSlideBarFunctionality.java:24)
at sun.reflect.NativeMethodAccessorImpl.invoke0(Native Method)
at sun.reflect.NativeMethodAccessorImpl.invoke(NativeMethodAccessorImpl.java:62)
at sun.reflect.DelegatingMethodAccessorImpl.invoke(DelegatingMethodAccessorImpl.java:43)
at java.lang.reflect.Method.invoke(Method.java:498)
at org.testng.internal.MethodInvocationHelper.invokeMethod(MethodInvocationHelper.java:124)
at org.testng.internal.Invoker.invokeMethod(Invoker.java:583)
at org.testng.internal.Invoker.invokeTestMethod(Invoker.java:719)
at org.testng.internal.Invoker.invokeTestMethods(Invoker.java:989)
at org.testng.internal.TestMethodWorker.invokeTestMethods(TestMethodWorker.java:125)
at org.testng.internal.TestMethodWorker.run(TestMethodWorker.java:109)
at org.testng.TestRunner.privateRun(TestRunner.java:648)
at org.testng.TestRunner.run(TestRunner.java:505)
at org.testng.SuiteRunner.runTest(SuiteRunner.java:455)
at org.testng.SuiteRunner.access$000(SuiteRunner.java:40)
at org.testng.SuiteRunner$SuiteWorker.run(SuiteRunner.java:489)
at org.testng.internal.thread.ThreadUtil$1.call(ThreadUtil.java:52)
at java.util.concurrent.FutureTask.run(FutureTask.java:266)
at java.util.concurrent.ThreadPoolExecutor.runWorker(ThreadPoolExecutor.java:1149)
at java.util.concurrent.ThreadPoolExecutor$Worker.run(ThreadPoolExecutor.java:624)
at java.lang.Thread.run(Thread.java:748)
]]>
            </full-stacktrace>
          </exception> <!-- java.lang.NullPointerException -->
          <reporter-output>
          </reporter-output>
        </test-method> <!-- priceSlideBar -->
        <test-method status="FAIL" signature="priceSlideBar(java.lang.String)[pri:9, instance:com.konakart.KonakartParallelTesting.testscripts.PriceSlideBarFunctionality@335eadca]" name="priceSlideBar" duration-ms="9128" started-at="2019-10-22T15:46:37Z" data-provider="priceslidebar" finished-at="2019-10-22T15:46:46Z">
          <params>
            <param index="0">
              <value>
                <![CDATA[100]]>
              </value>
            </param>
          </params>
          <exception class="java.lang.NullPointerException">
            <full-stacktrace>
              <![CDATA[java.lang.NullPointerException
at com.konakart.KonakartParallelTesting.extentreports.ExtentReport.messagePrint(ExtentReport.java:110)
at com.konakart.KonakartParallelTesting.pages.PriceSlideBar.priceValidation(PriceSlideBar.java:68)
at com.konakart.KonakartParallelTesting.testscripts.PriceSlideBarFunctionality.priceSlideBar(PriceSlideBarFunctionality.java:24)
at sun.reflect.NativeMethodAccessorImpl.invoke0(Native Method)
at sun.reflect.NativeMethodAccessorImpl.invoke(NativeMethodAccessorImpl.java:62)
at sun.reflect.DelegatingMethodAccessorImpl.invoke(DelegatingMethodAccessorImpl.java:43)
at java.lang.reflect.Method.invoke(Method.java:498)
at org.testng.internal.MethodInvocationHelper.invokeMethod(MethodInvocationHelper.java:124)
at org.testng.internal.Invoker.invokeMethod(Invoker.java:583)
at org.testng.internal.Invoker.invokeTestMethod(Invoker.java:719)
at org.testng.internal.Invoker.invokeTestMethods(Invoker.java:989)
at org.testng.internal.TestMethodWorker.invokeTestMethods(TestMethodWorker.java:125)
at org.testng.internal.TestMethodWorker.run(TestMethodWorker.java:109)
at org.testng.TestRunner.privateRun(TestRunner.java:648)
at org.testng.TestRunner.run(TestRunner.java:505)
at org.testng.SuiteRunner.runTest(SuiteRunner.java:455)
at org.testng.SuiteRunner.access$000(SuiteRunner.java:40)
at org.testng.SuiteRunner$SuiteWorker.run(SuiteRunner.java:489)
at org.testng.internal.thread.ThreadUtil$1.call(ThreadUtil.java:52)
at java.util.concurrent.FutureTask.run(FutureTask.java:266)
at java.util.concurrent.ThreadPoolExecutor.runWorker(ThreadPoolExecutor.java:1149)
at java.util.concurrent.ThreadPoolExecutor$Worker.run(ThreadPoolExecutor.java:624)
at java.lang.Thread.run(Thread.java:748)
]]>
            </full-stacktrace>
          </exception> <!-- java.lang.NullPointerException -->
          <reporter-output>
          </reporter-output>
        </test-method> <!-- priceSlideBar -->
        <test-method status="PASS" signature="endClass()[pri:0, instance:com.konakart.KonakartParallelTesting.testscripts.PriceSlideBarFunctionality@335eadca]" name="endClass" is-config="true" duration-ms="607" started-at="2019-10-22T15:46:46Z" finished-at="2019-10-22T15:46:47Z">
          <reporter-output>
          </reporter-output>
        </test-method> <!-- endClass -->
      </class> <!-- com.konakart.KonakartParallelTesting.testscripts.PriceSlideBarFunctionality -->
      <class name="com.konakart.KonakartParallelTesting.testscripts.HeroImageFunctionality">
        <test-method status="PASS" signature="intitailizeBrowser(java.lang.String)[pri:0, instance:com.konakart.KonakartParallelTesting.testscripts.HeroImageFunctionality@185d8b6]" name="intitailizeBrowser" is-config="true" duration-ms="8766" started-at="2019-10-22T15:42:17Z" finished-at="2019-10-22T15:42:26Z">
          <params>
            <param index="0">
              <value>
                <![CDATA[internet explorer]]>
              </value>
            </param>
          </params>
          <reporter-output>
          </reporter-output>
        </test-method> <!-- intitailizeBrowser -->
        <test-method status="PASS" signature="heroImageSelect()[pri:2, instance:com.konakart.KonakartParallelTesting.testscripts.HeroImageFunctionality@185d8b6]" name="heroImageSelect" duration-ms="2946" started-at="2019-10-22T15:42:26Z" finished-at="2019-10-22T15:42:29Z">
          <reporter-output>
          </reporter-output>
        </test-method> <!-- heroImageSelect -->
        <test-method status="PASS" signature="heroImgContent([Ljava.lang.String;)[pri:3, instance:com.konakart.KonakartParallelTesting.testscripts.HeroImageFunctionality@185d8b6]" name="heroImgContent" duration-ms="96" started-at="2019-10-22T15:42:29Z" data-provider="heroimage" finished-at="2019-10-22T15:42:29Z">
          <params>
            <param index="0">
              <value>
                <![CDATA[[Ljava.lang.String;@3974c08]]>
              </value>
            </param>
          </params>
          <reporter-output>
          </reporter-output>
        </test-method> <!-- heroImgContent -->
        <test-method status="PASS" signature="heroImgContent([Ljava.lang.String;)[pri:3, instance:com.konakart.KonakartParallelTesting.testscripts.HeroImageFunctionality@185d8b6]" name="heroImgContent" duration-ms="56" started-at="2019-10-22T15:42:29Z" data-provider="heroimage" finished-at="2019-10-22T15:42:29Z">
          <params>
            <param index="0">
              <value>
                <![CDATA[[Ljava.lang.String;@14792a94]]>
              </value>
            </param>
          </params>
          <reporter-output>
          </reporter-output>
        </test-method> <!-- heroImgContent -->
        <test-method status="FAIL" signature="heroImgSortingDateFunctionality([Ljava.lang.String;)[pri:4, instance:com.konakart.KonakartParallelTesting.testscripts.HeroImageFunctionality@185d8b6]" name="heroImgSortingDateFunctionality" duration-ms="14670" started-at="2019-10-22T15:42:29Z" data-provider="reviewdropdown" finished-at="2019-10-22T15:42:44Z">
          <params>
            <param index="0">
              <value>
                <![CDATA[[Ljava.lang.String;@68e85808]]>
              </value>
            </param>
          </params>
          <exception class="java.lang.ArrayIndexOutOfBoundsException">
            <message>
              <![CDATA[1]]>
            </message>
            <full-stacktrace>
              <![CDATA[java.lang.ArrayIndexOutOfBoundsException: 1
at com.konakart.KonakartParallelTesting.pages.HeroImageFunction.sortingDateValidation(HeroImageFunction.java:107)
at com.konakart.KonakartParallelTesting.testscripts.HeroImageFunctionality.heroImgSortingDateFunctionality(HeroImageFunctionality.java:43)
at sun.reflect.NativeMethodAccessorImpl.invoke0(Native Method)
at sun.reflect.NativeMethodAccessorImpl.invoke(NativeMethodAccessorImpl.java:62)
at sun.reflect.DelegatingMethodAccessorImpl.invoke(DelegatingMethodAccessorImpl.java:43)
at java.lang.reflect.Method.invoke(Method.java:498)
at org.testng.internal.MethodInvocationHelper.invokeMethod(MethodInvocationHelper.java:124)
at org.testng.internal.Invoker.invokeMethod(Invoker.java:583)
at org.testng.internal.Invoker.invokeTestMethod(Invoker.java:719)
at org.testng.internal.Invoker.invokeTestMethods(Invoker.java:989)
at org.testng.internal.TestMethodWorker.invokeTestMethods(TestMethodWorker.java:125)
at org.testng.internal.TestMethodWorker.run(TestMethodWorker.java:109)
at org.testng.TestRunner.privateRun(TestRunner.java:648)
at org.testng.TestRunner.run(TestRunner.java:505)
at org.testng.SuiteRunner.runTest(SuiteRunner.java:455)
at org.testng.SuiteRunner.access$000(SuiteRunner.java:40)
at org.testng.SuiteRunner$SuiteWorker.run(SuiteRunner.java:489)
at org.testng.internal.thread.ThreadUtil$1.call(ThreadUtil.java:52)
at java.util.concurrent.FutureTask.run(FutureTask.java:266)
at java.util.concurrent.ThreadPoolExecutor.runWorker(ThreadPoolExecutor.java:1149)
at java.util.concurrent.ThreadPoolExecutor$Worker.run(ThreadPoolExecutor.java:624)
at java.lang.Thread.run(Thread.java:748)
]]>
            </full-stacktrace>
          </exception> <!-- java.lang.ArrayIndexOutOfBoundsException -->
          <reporter-output>
          </reporter-output>
        </test-method> <!-- heroImgSortingDateFunctionality -->
        <test-method status="PASS" signature="heroImgSortingRatingFunctionality([Ljava.lang.String;)[pri:5, instance:com.konakart.KonakartParallelTesting.testscripts.HeroImageFunctionality@185d8b6]" name="heroImgSortingRatingFunctionality" duration-ms="32373" started-at="2019-10-22T15:42:44Z" data-provider="reviewdropdown" finished-at="2019-10-22T15:43:16Z">
          <params>
            <param index="0">
              <value>
                <![CDATA[[Ljava.lang.String;@1d037ddd]]>
              </value>
            </param>
          </params>
          <reporter-output>
          </reporter-output>
        </test-method> <!-- heroImgSortingRatingFunctionality -->
        <test-method status="PASS" signature="endClass()[pri:0, instance:com.konakart.KonakartParallelTesting.testscripts.HeroImageFunctionality@185d8b6]" name="endClass" is-config="true" duration-ms="789" started-at="2019-10-22T15:43:16Z" finished-at="2019-10-22T15:43:17Z">
          <reporter-output>
          </reporter-output>
        </test-method> <!-- endClass -->
      </class> <!-- com.konakart.KonakartParallelTesting.testscripts.HeroImageFunctionality -->
    </test> <!-- Test validate in internet explorer -->
  </suite> <!-- suite -->
</testng-results>
