<?xml version="1.0" encoding="UTF-8"?>
<!-- Generated by org.testng.reporters.JUnitXMLReporter -->
<testsuite hostname="ATMECSINLT-087" ignored="0" name="Test" tests="4" failures="0" timestamp="22 Oct 2019 13:27:17 GMT" time="1.231" errors="0">
  <testcase name="@BeforeTest intitailizeBrowser" time="0.0" classname="com.konakart.KonakartParallelTesting.testbase.TestBase">
    <failure type="org.testng.TestNGException" message="
Parameter &amp;apos;browser&amp;apos; is required by BeforeTest on method intitailizeBrowser but has not been marked @Optional or defined
in C:\Users\ARJUN.SANTRA\eclipse-workspace\KonakartParallelTesting\src\test\resources\suitefiles\dummy.xml">
      <![CDATA[org.testng.TestNGException: 
Parameter 'browser' is required by BeforeTest on method intitailizeBrowser but has not been marked @Optional or defined
in C:\Users\ARJUN.SANTRA\eclipse-workspace\KonakartParallelTesting\src\test\resources\suitefiles\dummy.xml
... Removed 22 stack frames]]>
    </failure>
  </testcase> <!-- @BeforeTest intitailizeBrowser -->
  <testcase name="priceSlideBar" time="0.0" classname="com.konakart.KonakartParallelTesting.testscripts.PriceSlideBarFunctionality">
    <skipped/>
  </testcase> <!-- priceSlideBar -->
  <testcase name="priceSlideBar" time="0.0" classname="com.konakart.KonakartParallelTesting.testscripts.PriceSlideBarFunctionality">
    <skipped/>
  </testcase> <!-- priceSlideBar -->
  <testcase name="priceSlideBar" time="0.0" classname="com.konakart.KonakartParallelTesting.testscripts.PriceSlideBarFunctionality">
    <skipped/>
  </testcase> <!-- priceSlideBar -->
  <testcase name="priceSlideBar" time="0.0" classname="com.konakart.KonakartParallelTesting.testscripts.PriceSlideBarFunctionality">
    <skipped/>
  </testcase> <!-- priceSlideBar -->
</testsuite> <!-- Test -->
